--------------------
2020-09-16 23:59:18.8609 INFO Received Auto: 0 b
2020-09-16 23:59:18.9037 INFO Speed: 3.10 Kb/s
2020-09-16 23:59:18.9279 INFO Remain Time: 994409 second
--------------------
2020-09-16 23:59:20.9437 INFO Received Auto: 0 b
2020-09-16 23:59:20.9647 INFO Speed: 3.90 Kb/s
2020-09-16 23:59:20.9826 INFO Remain Time: 791641 second
--------------------
2020-09-16 23:59:34.6155 INFO Received Auto: 0 b
2020-09-16 23:59:34.6463 INFO Speed: 4.48 Kb/s
2020-09-16 23:59:34.6671 INFO Remain Time: 688954 second
--------------------
2020-09-16 23:59:44.8977 INFO Received Auto: 0 b
2020-09-16 23:59:44.9181 INFO Speed: 513.82 Kb/s
2020-09-16 23:59:44.9373 INFO Remain Time: 6006 second
--------------------
2020-09-16 23:59:46.4890 INFO Received Auto: 0 b
2020-09-16 23:59:46.5054 INFO Speed: 381.59 Kb/s
2020-09-16 23:59:46.5215 INFO Remain Time: 8087 second
--------------------
2020-09-16 23:59:50.1232 INFO Received Auto: 0 b
2020-09-16 23:59:50.1858 INFO Speed: 883.76 Kb/s
2020-09-16 23:59:50.2035 INFO Remain Time: 3492 second
--------------------
2020-09-16 23:59:50.8002 INFO Received Auto: 110.811213606495 b
2020-09-16 23:59:50.8502 INFO Speed: 213 b/s
2020-09-16 23:59:50.8726 INFO Remain Time: 14836778 second
--------------------
2020-09-16 23:59:53.9897 INFO Received Auto: 110.811213606495 b
2020-09-16 23:59:54.0092 INFO Speed: 851.25 Kb/s
2020-09-16 23:59:54.0605 INFO Remain Time: 3625 second
--------------------
2020-09-16 23:59:57.2446 INFO Received Auto: 110.811213606495 b
2020-09-16 23:59:57.2603 INFO Speed: 177 b/s
2020-09-16 23:59:57.2819 INFO Remain Time: 17854428 second
--------------------
2020-09-16 23:59:57.9250 INFO Received Auto: 11.99 Mb
2020-09-16 23:59:57.9450 INFO Speed: 26.49 Mb/s
2020-09-16 23:59:57.9706 INFO Remain Time: 113 second
--------------------
2020-09-16 23:59:58.5101 INFO Received Auto: 29.92 Mb
2020-09-16 23:59:58.5852 INFO Speed: 30.81 Mb/s
2020-09-16 23:59:58.7027 INFO Remain Time: 96 second
--------------------
2020-09-16 23:59:59.4745 INFO Received Auto: 43.66 Mb
2020-09-16 23:59:59.5016 INFO Speed: 19.02 Mb/s
2020-09-16 23:59:59.5210 INFO Remain Time: 156 second
--------------------
