------------------------------
2020-09-17 15:47:51.5722 INFO 
TotalBytes: 484261288
Speed 254488
2020-09-17 15:47:51.6067 INFO BytesCounter: 64905,545959472656
2020-09-17 15:47:51.6280 INFO RemainTime: 00:00:00.1275198
------------------------------
2020-09-17 15:47:52.8275 INFO 
TotalBytes: 484261288
Speed 5
2020-09-17 15:47:52.8275 INFO BytesCounter: 65386,552978515625
2020-09-17 15:47:52.8771 INFO RemainTime: 00:00:01.9026295
------------------------------
2020-09-17 15:47:54.8699 INFO 
TotalBytes: 484261288
Speed 5208643
2020-09-17 15:47:54.8779 INFO BytesCounter: 65386,552978515625
2020-09-17 15:47:54.8886 INFO RemainTime: 1.02:53:59.2764908
------------------------------
2020-09-17 15:47:56.5916 INFO 
TotalBytes: 484261288
Speed 369002400
2020-09-17 15:47:56.6092 INFO BytesCounter: 226280192,55297852
2020-09-17 15:47:56.6092 INFO RemainTime: 00:00:00.0929600
------------------------------
2020-09-17 15:47:56.8271 INFO 
TotalBytes: 484261288
Speed 80019736
2020-09-17 15:47:56.8493 INFO BytesCounter: 72787474,55297852
2020-09-17 15:47:56.8569 INFO RemainTime: 00:00:00.0013121
------------------------------
2020-09-17 15:47:57.5211 INFO 
TotalBytes: 484261288
Speed 44088232
2020-09-17 15:47:57.5318 INFO BytesCounter: 257744868,55297852
2020-09-17 15:47:57.5318 INFO RemainTime: 00:00:00.0028506
------------------------------
2020-09-17 15:47:58.5842 INFO 
TotalBytes: 484261288
Speed 43656272
2020-09-17 15:47:58.6826 INFO BytesCounter: 194001897,05297852
2020-09-17 15:47:58.6953 INFO RemainTime: 00:00:00.0070538
------------------------------
2020-09-17 15:47:58.7199 INFO 
TotalBytes: 484261288
Speed 49201340
2020-09-17 15:47:58.7440 INFO BytesCounter: 201128764,05297852
2020-09-17 15:47:58.7555 INFO RemainTime: 00:00:00.0057545
------------------------------
2020-09-17 15:47:58.7850 INFO 
TotalBytes: 484261288
Speed 37400056
2020-09-17 15:47:58.9737 INFO BytesCounter: 347982042,0529785
2020-09-17 15:47:58.9931 INFO 
TotalBytes: 484261288
Speed 53229912
2020-09-17 15:47:58.9931 INFO RemainTime: 00:00:00.0036438
2020-09-17 15:47:59.0079 INFO BytesCounter: 347982042,0529785
2020-09-17 15:47:59.0476 INFO 
TotalBytes: 484261288
Speed 46213676
2020-09-17 15:47:59.0873 INFO RemainTime: 00:00:00.0036438
2020-09-17 15:47:59.1049 INFO BytesCounter: 209160654,55297852
2020-09-17 15:47:59.1269 INFO RemainTime: 00:00:00.0036438
------------------------------
------------------------------
------------------------------
2020-09-17 15:48:00.8339 INFO 
TotalBytes: 484261288
Speed 49212972
2020-09-17 15:48:00.8537 INFO BytesCounter: 352700364,5529785
2020-09-17 15:48:00.8604 INFO RemainTime: 00:00:00.0028467
------------------------------
2020-09-17 15:48:01.0486 INFO 
TotalBytes: 484261288
Speed 49720172
2020-09-17 15:48:01.0486 INFO BytesCounter: 355414342,5529785
2020-09-17 15:48:01.0725 INFO RemainTime: 00:00:00.0031041
------------------------------
2020-09-17 15:48:01.5339 INFO 
TotalBytes: 484261288
Speed 47880916
2020-09-17 15:48:01.5339 INFO BytesCounter: 354048676,0529785
2020-09-17 15:48:01.5548 INFO RemainTime: 00:00:00.0033316
------------------------------
2020-09-17 15:48:01.6990 INFO 
TotalBytes: 484261288
Speed 55061296
2020-09-17 15:48:01.7270 INFO BytesCounter: 354048676,0529785
2020-09-17 15:48:01.7429 INFO RemainTime: 00:00:00.0012956
------------------------------
2020-09-17 15:48:02.2772 INFO 
TotalBytes: 484261288
Speed 14049259
2020-09-17 15:48:02.2899 INFO BytesCounter: 359824586,0529785
2020-09-17 15:48:02.3084 INFO RemainTime: 00:00:00.0019788
------------------------------
2020-09-17 15:48:03.3419 INFO 
TotalBytes: 484261288
Speed 2385
2020-09-17 15:48:03.3419 INFO BytesCounter: 373828673,9845276
2020-09-17 15:48:03.3609 INFO RemainTime: 00:00:00.0088571
------------------------------
2020-09-17 15:48:06.0355 INFO 
TotalBytes: 484261288
Speed 3504369
2020-09-17 15:48:06.0633 INFO BytesCounter: 374049674,2770691
2020-09-17 15:48:06.0633 INFO RemainTime: 00:00:00.0315129
------------------------------
2020-09-17 15:48:23.2652 INFO 
TotalBytes: 484261288
Speed 6327077
2020-09-17 15:48:23.2652 INFO BytesCounter: 374050320,0176697
2020-09-17 15:48:23.2911 INFO RemainTime: 00:00:00.0315129
------------------------------
2020-09-17 15:48:24.7699 INFO 
TotalBytes: 484261288
Speed 4151479
2020-09-17 15:48:24.7699 INFO BytesCounter: 374050320,0176697
2020-09-17 15:48:24.7849 INFO RemainTime: 00:00:00.0315129
------------------------------
2020-09-17 15:48:25.1370 INFO 
TotalBytes: 484261288
Speed 1945376
2020-09-17 15:48:25.1562 INFO BytesCounter: 374049674,2770691
2020-09-17 15:48:25.2270 INFO RemainTime: 00:00:00.0265475
------------------------------
