2020-09-13 19:28:22.2984 INFO SYSTEM_HANDLE_ENTRY: 
> ObjectPointer: -1950061248 
> HandleFlags: 0 
> HandleValue: 132 
> ObjectType: 37 
> OwnerPid 9896
2020-09-13 19:28:22.3934 INFO LOCAL VAR: 
> OwnerProcessId (9896) 
> Handle (132) 
> HandleType [OB_TYPE_FILE] 
> DevicePath '\Device\HarddiskVolume1\Users\Misha\AppData\Local\Programs\Opera\70.0.3728.178' 
> DosPath 'C:\Users\Misha\AppData\Local\Programs\Opera\70.0.3728.178'  
> Offset (1150036) 
> Size (16)

2020-09-13 19:28:22.6294 INFO SYSTEM_HANDLE_ENTRY: 
> ObjectPointer: -1950001248 
> HandleFlags: 0 
> HandleValue: 644 
> ObjectType: 37 
> OwnerPid 9896
2020-09-13 19:28:22.6464 INFO LOCAL VAR: 
> OwnerProcessId (9896) 
> Handle (644) 
> HandleType [OB_TYPE_FILE] 
> DevicePath '\Device\HarddiskVolume1\Windows\WinSxS\amd64_microsoft.windows.common-controls_6595b64144ccf1df_6.0.18362.1016_none_9e7a36bbe461dae4' 
> DosPath 'C:\Windows\WinSxS\amd64_microsoft.windows.common-controls_6595b64144ccf1df_6.0.18362.1016_none_9e7a36bbe461dae4'  
> Offset (1152084) 
> Size (16)

2020-09-13 19:28:22.6714 INFO SYSTEM_HANDLE_ENTRY: 
> ObjectPointer: -2057214896 
> HandleFlags: 0 
> HandleValue: 772 
> ObjectType: 50 
> OwnerPid 9896
2020-09-13 19:28:22.6934 INFO LOCAL VAR: 
> OwnerProcessId (9896) 
> Handle (772) 
> HandleType [OB_TYPE_FILE] 
> DevicePath '\Device\HarddiskVolume1\Windows\assembly\pubpol33.dat' 
> DosPath 'C:\Windows\assembly\pubpol33.dat'  
> Offset (1152596) 
> Size (16)

2020-09-13 19:28:22.7144 INFO SYSTEM_HANDLE_ENTRY: 
> ObjectPointer: -2057215120 
> HandleFlags: 0 
> HandleValue: 776 
> ObjectType: 50 
> OwnerPid 9896
2020-09-13 19:28:22.7584 INFO LOCAL VAR: 
> OwnerProcessId (9896) 
> Handle (776) 
> HandleType [OB_TYPE_FILE] 
> DevicePath '\Device\HarddiskVolume1\Users\Misha\Desktop\Version1.8\Lab\Laboratory.Works\bin\Debug\UnityCommander.WinDepends.dll' 
> DosPath 'C:\Users\Misha\Desktop\Version1.8\Lab\Laboratory.Works\bin\Debug\UnityCommander.WinDepends.dll'  
> Offset (1152612) 
> Size (16)

2020-09-13 19:28:22.7784 INFO SYSTEM_HANDLE_ENTRY: 
> ObjectPointer: -2057216688 
> HandleFlags: 0 
> HandleValue: 792 
> ObjectType: 50 
> OwnerPid 9896
2020-09-13 19:28:22.8074 INFO LOCAL VAR: 
> OwnerProcessId (9896) 
> Handle (792) 
> HandleType [OB_TYPE_FILE] 
> DevicePath '\Device\HarddiskVolume1\Users\Misha\Desktop\Version1.8\Lab\Laboratory.Works\bin\Debug\NLog.dll' 
> DosPath 'C:\Users\Misha\Desktop\Version1.8\Lab\Laboratory.Works\bin\Debug\NLog.dll'  
> Offset (1152676) 
> Size (16)

2020-09-13 19:28:22.8444 INFO SYSTEM_HANDLE_ENTRY: 
> ObjectPointer: -1949992848 
> HandleFlags: 0 
> HandleValue: 876 
> ObjectType: 37 
> OwnerPid 9896
2020-09-13 19:28:22.8624 INFO LOCAL VAR: 
> OwnerProcessId (9896) 
> Handle (876) 
> HandleType [OB_TYPE_FILE] 
> DevicePath '\Device\HarddiskVolume1\Users\Misha\AppData\Local\Programs\Opera\70.0.3728.178\icudtl.dat' 
> DosPath 'C:\Users\Misha\AppData\Local\Programs\Opera\70.0.3728.178\icudtl.dat'  
> Offset (1153012) 
> Size (16)

2020-09-13 19:28:22.9424 INFO SYSTEM_HANDLE_ENTRY: 
> ObjectPointer: -1949932448 
> HandleFlags: 0 
> HandleValue: 884 
> ObjectType: 37 
> OwnerPid 9896
2020-09-13 19:28:22.9634 INFO LOCAL VAR: 
> OwnerProcessId (9896) 
> Handle (884) 
> HandleType [OB_TYPE_FILE] 
> DevicePath '\Device\HarddiskVolume1\Users\Misha\AppData\Local\Programs\Opera\70.0.3728.178\v8_context_snapshot.bin' 
> DosPath 'C:\Users\Misha\AppData\Local\Programs\Opera\70.0.3728.178\v8_context_snapshot.bin'  
> Offset (1153044) 
> Size (16)

2020-09-13 19:28:22.9984 INFO SYSTEM_HANDLE_ENTRY: 
> ObjectPointer: -1949228112 
> HandleFlags: 0 
> HandleValue: 892 
> ObjectType: 37 
> OwnerPid 9896
2020-09-13 19:28:23.0154 INFO LOCAL VAR: 
> OwnerProcessId (9896) 
> Handle (892) 
> HandleType [OB_TYPE_FILE] 
> DevicePath '\Device\HarddiskVolume1\Users\Misha\AppData\Local\Programs\Opera\70.0.3728.178\opera_100_percent.pak' 
> DosPath 'C:\Users\Misha\AppData\Local\Programs\Opera\70.0.3728.178\opera_100_percent.pak'  
> Offset (1153076) 
> Size (16)

2020-09-13 19:28:23.0524 INFO SYSTEM_HANDLE_ENTRY: 
> ObjectPointer: -2008976144 
> HandleFlags: 0 
> HandleValue: 900 
> ObjectType: 37 
> OwnerPid 9896
2020-09-13 19:28:23.0734 INFO LOCAL VAR: 
> OwnerProcessId (9896) 
> Handle (900) 
> HandleType [OB_TYPE_FILE] 
> DevicePath '\Device\HarddiskVolume1\Users\Misha\AppData\Local\Programs\Opera\70.0.3728.178\opera_125_percent.pak' 
> DosPath 'C:\Users\Misha\AppData\Local\Programs\Opera\70.0.3728.178\opera_125_percent.pak'  
> Offset (1153108) 
> Size (16)

2020-09-13 19:28:23.0934 INFO SYSTEM_HANDLE_ENTRY: 
> ObjectPointer: -2008984944 
> HandleFlags: 0 
> HandleValue: 908 
> ObjectType: 37 
> OwnerPid 9896
2020-09-13 19:28:23.1134 INFO LOCAL VAR: 
> OwnerProcessId (9896) 
> Handle (908) 
> HandleType [OB_TYPE_FILE] 
> DevicePath '\Device\HarddiskVolume1\Users\Misha\AppData\Local\Programs\Opera\70.0.3728.178\opera_150_percent.pak' 
> DosPath 'C:\Users\Misha\AppData\Local\Programs\Opera\70.0.3728.178\opera_150_percent.pak'  
> Offset (1153140) 
> Size (16)

2020-09-13 19:28:23.1324 INFO SYSTEM_HANDLE_ENTRY: 
> ObjectPointer: -2008975344 
> HandleFlags: 0 
> HandleValue: 916 
> ObjectType: 37 
> OwnerPid 9896
2020-09-13 19:28:23.1544 INFO LOCAL VAR: 
> OwnerProcessId (9896) 
> Handle (916) 
> HandleType [OB_TYPE_FILE] 
> DevicePath '\Device\HarddiskVolume1\Users\Misha\AppData\Local\Programs\Opera\70.0.3728.178\opera_200_percent.pak' 
> DosPath 'C:\Users\Misha\AppData\Local\Programs\Opera\70.0.3728.178\opera_200_percent.pak'  
> Offset (1153172) 
> Size (16)

2020-09-13 19:28:23.2254 INFO SYSTEM_HANDLE_ENTRY: 
> ObjectPointer: -2008984544 
> HandleFlags: 0 
> HandleValue: 924 
> ObjectType: 37 
> OwnerPid 9896
2020-09-13 19:28:23.2544 INFO LOCAL VAR: 
> OwnerProcessId (9896) 
> Handle (924) 
> HandleType [OB_TYPE_FILE] 
> DevicePath '\Device\HarddiskVolume1\Users\Misha\AppData\Local\Programs\Opera\70.0.3728.178\opera_250_percent.pak' 
> DosPath 'C:\Users\Misha\AppData\Local\Programs\Opera\70.0.3728.178\opera_250_percent.pak'  
> Offset (1153204) 
> Size (16)

2020-09-13 19:28:23.2954 INFO SYSTEM_HANDLE_ENTRY: 
> ObjectPointer: -2008888144 
> HandleFlags: 0 
> HandleValue: 932 
> ObjectType: 37 
> OwnerPid 9896
2020-09-13 19:28:23.3384 INFO LOCAL VAR: 
> OwnerProcessId (9896) 
> Handle (932) 
> HandleType [OB_TYPE_FILE] 
> DevicePath '\Device\HarddiskVolume1\Users\Misha\AppData\Local\Programs\Opera\70.0.3728.178\localization\ru.pak' 
> DosPath 'C:\Users\Misha\AppData\Local\Programs\Opera\70.0.3728.178\localization\ru.pak'  
> Offset (1153236) 
> Size (16)

2020-09-13 19:28:23.3774 INFO SYSTEM_HANDLE_ENTRY: 
> ObjectPointer: -2008882144 
> HandleFlags: 0 
> HandleValue: 940 
> ObjectType: 37 
> OwnerPid 9896
2020-09-13 19:28:23.4014 INFO LOCAL VAR: 
> OwnerProcessId (9896) 
> Handle (940) 
> HandleType [OB_TYPE_FILE] 
> DevicePath '\Device\HarddiskVolume1\Users\Misha\AppData\Local\Programs\Opera\70.0.3728.178\opera.pak' 
> DosPath 'C:\Users\Misha\AppData\Local\Programs\Opera\70.0.3728.178\opera.pak'  
> Offset (1153268) 
> Size (16)

2020-09-13 19:28:23.4344 INFO SYSTEM_HANDLE_ENTRY: 
> ObjectPointer: -2046694192 
> HandleFlags: 0 
> HandleValue: 1092 
> ObjectType: 50 
> OwnerPid 9896
2020-09-13 19:28:23.4684 INFO LOCAL VAR: 
> OwnerProcessId (9896) 
> Handle (1092) 
> HandleType [OB_TYPE_FILE] 
> DevicePath '\Device\HarddiskVolume1\Users\Misha\Desktop\Version1.8\Lab\UnityCommander.WinDepends' 
> DosPath 'C:\Users\Misha\Desktop\Version1.8\Lab\UnityCommander.WinDepends'  
> Offset (1153860) 
> Size (16)

2020-09-13 19:28:23.5174 INFO SYSTEM_HANDLE_ENTRY: 
> ObjectPointer: -2035759360 
> HandleFlags: 0 
> HandleValue: 1352 
> ObjectType: 37 
> OwnerPid 9896
2020-09-13 19:28:23.5794 INFO LOCAL VAR: 
> OwnerProcessId (9896) 
> Handle (1352) 
> HandleType [OB_TYPE_FILE] 
> DevicePath '\Device\HarddiskVolume1\Users\Misha\AppData\Roaming\Opera Software\Opera Stable\Subresource Filter\Indexed Rules\27\9.16.0\Ruleset Data' 
> DosPath 'C:\Users\Misha\AppData\Roaming\Opera Software\Opera Stable\Subresource Filter\Indexed Rules\27\9.16.0\Ruleset Data'  
> Offset (1154852) 
> Size (16)

2020-09-13 19:28:23.6744 INFO SYSTEM_HANDLE_ENTRY: 
> ObjectPointer: -2044154848 
> HandleFlags: 0 
> HandleValue: 1468 
> ObjectType: 37 
> OwnerPid 9896
2020-09-13 19:28:23.7194 INFO LOCAL VAR: 
> OwnerProcessId (9896) 
> Handle (1468) 
> HandleType [OB_TYPE_FILE] 
> DevicePath '\Device\HarddiskVolume1\Windows\Fonts\arial.ttf' 
> DosPath 'C:\Windows\Fonts\arial.ttf'  
> Offset (1155316) 
> Size (16)

2020-09-13 19:28:23.8524 INFO SYSTEM_HANDLE_ENTRY: 
> ObjectPointer: -2044136848 
> HandleFlags: 0 
> HandleValue: 1484 
> ObjectType: 37 
> OwnerPid 9896
2020-09-13 19:28:23.8904 INFO LOCAL VAR: 
> OwnerProcessId (9896) 
> Handle (1484) 
> HandleType [OB_TYPE_FILE] 
> DevicePath '\Device\HarddiskVolume1\Windows\Fonts\arialbi.ttf' 
> DosPath 'C:\Windows\Fonts\arialbi.ttf'  
> Offset (1155332) 
> Size (16)

2020-09-13 19:28:24.0064 INFO SYSTEM_HANDLE_ENTRY: 
> ObjectPointer: -2044153648 
> HandleFlags: 0 
> HandleValue: 1492 
> ObjectType: 37 
> OwnerPid 9896
2020-09-13 19:28:24.0274 INFO LOCAL VAR: 
> OwnerProcessId (9896) 
> Handle (1492) 
> HandleType [OB_TYPE_FILE] 
> DevicePath '\Device\HarddiskVolume1\Windows\Fonts\arialbd.ttf' 
> DosPath 'C:\Windows\Fonts\arialbd.ttf'  
> Offset (1155364) 
> Size (16)

2020-09-13 19:28:24.1304 INFO SYSTEM_HANDLE_ENTRY: 
> ObjectPointer: -2044154848 
> HandleFlags: 0 
> HandleValue: 1496 
> ObjectType: 37 
> OwnerPid 9896
2020-09-13 19:28:24.1724 INFO LOCAL VAR: 
> OwnerProcessId (9896) 
> Handle (1496) 
> HandleType [OB_TYPE_FILE] 
> DevicePath '\Device\HarddiskVolume1\Windows\Fonts\arial.ttf' 
> DosPath 'C:\Windows\Fonts\arial.ttf'  
> Offset (1155380) 
> Size (16)

2020-09-13 19:28:24.2354 INFO SYSTEM_HANDLE_ENTRY: 
> ObjectPointer: -2044132848 
> HandleFlags: 0 
> HandleValue: 1504 
> ObjectType: 37 
> OwnerPid 9896
2020-09-13 19:28:24.2674 INFO LOCAL VAR: 
> OwnerProcessId (9896) 
> Handle (1504) 
> HandleType [OB_TYPE_FILE] 
> DevicePath '\Device\HarddiskVolume1\Windows\Fonts\ariblk.ttf' 
> DosPath 'C:\Windows\Fonts\ariblk.ttf'  
> Offset (1155396) 
> Size (16)

2020-09-13 19:28:24.3454 INFO SYSTEM_HANDLE_ENTRY: 
> ObjectPointer: -2044141248 
> HandleFlags: 0 
> HandleValue: 1512 
> ObjectType: 37 
> OwnerPid 9896
2020-09-13 19:28:24.3664 INFO LOCAL VAR: 
> OwnerProcessId (9896) 
> Handle (1512) 
> HandleType [OB_TYPE_FILE] 
> DevicePath '\Device\HarddiskVolume1\Windows\Fonts\ariali.ttf' 
> DosPath 'C:\Windows\Fonts\ariali.ttf'  
> Offset (1155412) 
> Size (16)

2020-09-13 19:28:24.4564 INFO SYSTEM_HANDLE_ENTRY: 
> ObjectPointer: -2044143648 
> HandleFlags: 0 
> HandleValue: 1516 
> ObjectType: 37 
> OwnerPid 9896
2020-09-13 19:28:24.5734 INFO LOCAL VAR: 
> OwnerProcessId (9896) 
> Handle (1516) 
> HandleType [OB_TYPE_FILE] 
> DevicePath '\Device\HarddiskVolume1\Windows\Fonts\ARIALN.TTF' 
> DosPath 'C:\Windows\Fonts\ARIALN.TTF'  
> Offset (1155428) 
> Size (16)

2020-09-13 19:28:24.6934 INFO SYSTEM_HANDLE_ENTRY: 
> ObjectPointer: -2044135248 
> HandleFlags: 0 
> HandleValue: 1520 
> ObjectType: 37 
> OwnerPid 9896
2020-09-13 19:28:24.7754 INFO LOCAL VAR: 
> OwnerProcessId (9896) 
> Handle (1520) 
> HandleType [OB_TYPE_FILE] 
> DevicePath '\Device\HarddiskVolume1\Windows\Fonts\ARIALNB.TTF' 
> DosPath 'C:\Windows\Fonts\ARIALNB.TTF'  
> Offset (1155444) 
> Size (16)

2020-09-13 19:28:24.8594 INFO SYSTEM_HANDLE_ENTRY: 
> ObjectPointer: -2044142448 
> HandleFlags: 0 
> HandleValue: 1524 
> ObjectType: 37 
> OwnerPid 9896
2020-09-13 19:28:24.8784 INFO LOCAL VAR: 
> OwnerProcessId (9896) 
> Handle (1524) 
> HandleType [OB_TYPE_FILE] 
> DevicePath '\Device\HarddiskVolume1\Windows\Fonts\ARIALNBI.TTF' 
> DosPath 'C:\Windows\Fonts\ARIALNBI.TTF'  
> Offset (1155460) 
> Size (16)

2020-09-13 19:28:24.9134 INFO SYSTEM_HANDLE_ENTRY: 
> ObjectPointer: -2044140048 
> HandleFlags: 0 
> HandleValue: 1528 
> ObjectType: 37 
> OwnerPid 9896
2020-09-13 19:28:24.9314 INFO LOCAL VAR: 
> OwnerProcessId (9896) 
> Handle (1528) 
> HandleType [OB_TYPE_FILE] 
> DevicePath '\Device\HarddiskVolume1\Windows\Fonts\ARIALNI.TTF' 
> DosPath 'C:\Windows\Fonts\ARIALNI.TTF'  
> Offset (1155476) 
> Size (16)

2020-09-13 19:28:24.9704 INFO SYSTEM_HANDLE_ENTRY: 
> ObjectPointer: -2084289376 
> HandleFlags: 0 
> HandleValue: 1640 
> ObjectType: 37 
> OwnerPid 9896
2020-09-13 19:28:24.9894 INFO LOCAL VAR: 
> OwnerProcessId (9896) 
> Handle (1640) 
> HandleType [OB_TYPE_FILE] 
> DevicePath '\Device\HarddiskVolume1\Users\Misha\AppData\Roaming\Opera Software\Opera Stable\dictionaries\ru-RU-3-0.bdic' 
> DosPath 'C:\Users\Misha\AppData\Roaming\Opera Software\Opera Stable\dictionaries\ru-RU-3-0.bdic'  
> Offset (1155620) 
> Size (16)

