2020-09-06 23:41:11.1596 ERROR Indicator 99; 
2020-09-06 23:41:11.3494 INFO Name Grub4Dos.chm; Length 358844; Path h:\Books\chm\Grub4Dos.chm; Load 99%
2020-09-06 23:41:11.5334 ERROR Indicator 99; 
2020-09-06 23:41:11.7573 INFO Name XML.chm; Length 285088; Path h:\Books\chm\XML.chm; Load 99%
2020-09-06 23:41:12.5496 ERROR Indicator 99; 
2020-09-06 23:41:12.8906 INFO Name Мак-Дональд М. WPF Windows Presentation Foundation в .NET 4.0 с примерами на C# 2010 для профессионалов (2011).djvu; Length 14472443; Path h:\Books\djvu\Мак-Дональд М. WPF Windows Presentation Foundation в .NET 4.0 с примерами на C# 2010 для профессионалов (2011).djvu; Load 99%
2020-09-06 23:41:13.7508 ERROR Indicator 99; 
2020-09-06 23:41:13.7596 INFO Name Мейер Э. CSS - Каскадные таблицы стилей. Подробное руководство (3-е издание, 2008).djvu; Length 6827003; Path h:\Books\djvu\Мейер Э. CSS - Каскадные таблицы стилей. Подробное руководство (3-е издание, 2008).djvu; Load 99%
2020-09-06 23:41:14.3932 ERROR Indicator 99; 
2020-09-06 23:41:14.4163 INFO Name Флэнаган Д. JavaScript. Подробное руководство (6-е издание, 2012).djvu; Length 16504754; Path h:\Books\djvu\Флэнаган Д. JavaScript. Подробное руководство (6-е издание, 2012).djvu; Load 99%
2020-09-06 23:41:15.4547 ERROR Indicator 99; 
2020-09-06 23:41:15.4644 INFO Name progit.ru.epub; Length 4105444; Path h:\Books\epub\progit.ru.epub; Load 99%
2020-09-06 23:41:16.1468 ERROR Indicator 99; 
2020-09-06 23:41:16.1468 INFO Name progit.ru.mobi; Length 3039144; Path h:\Books\mobi\progit.ru.mobi; Load 99%
2020-09-06 23:41:17.2465 ERROR Indicator 99; 
2020-09-06 23:41:17.2557 INFO Name Adam Nathan   Адам Натан WPF 4 Unleashed   WPF 4. Подробное руководство. (2011).pdf; Length 20415930; Path h:\Books\pdf\Adam Nathan   Адам Натан WPF 4 Unleashed   WPF 4. Подробное руководство. (2011).pdf; Load 99%
2020-09-06 23:41:18.1536 ERROR Indicator 99; 
2020-09-06 23:41:18.1608 INFO Name ADO.NET.pdf; Length 3612985; Path h:\Books\pdf\ADO.NET.pdf; Load 99%
2020-09-06 23:41:18.4182 ERROR Indicator 99; 
2020-09-06 23:41:18.4260 INFO Name ds-oitfiles-133032.pdf; Length 82636; Path h:\Books\pdf\ds-oitfiles-133032.pdf; Load 99%
2020-09-06 23:41:18.9722 ERROR Indicator 99; 
2020-09-06 23:41:18.9822 INFO Name HTML & XHTML. Подробное руководство.pdf; Length 7294786; Path h:\Books\pdf\HTML & XHTML. Подробное руководство.pdf; Load 99%
2020-09-06 23:41:19.3145 ERROR Indicator 99; 
2020-09-06 23:41:19.3215 INFO Name ML_04.pdf; Length 2107532; Path h:\Books\pdf\ML_04.pdf; Load 99%
2020-09-06 23:41:19.8833 ERROR Indicator 99; 
2020-09-06 23:41:19.8833 INFO Name MovingToVisualStudio2010.pdf; Length 7283277; Path h:\Books\pdf\MovingToVisualStudio2010.pdf; Load 99%
2020-09-06 23:41:20.4237 ERROR Indicator 99; 
2020-09-06 23:41:20.4325 INFO Name progit.ru.pdf; Length 4241333; Path h:\Books\pdf\progit.ru.pdf; Load 99%
2020-09-06 23:41:20.8480 ERROR Indicator 99; 
2020-09-06 23:41:20.8480 INFO Name Stiv Makkonnell_Sovershennyy kod (PDF).pdf; Length 6424335; Path h:\Books\pdf\Stiv Makkonnell_Sovershennyy kod (PDF).pdf; Load 99%
2020-09-06 23:41:21.5050 ERROR Indicator 99; 
2020-09-06 23:41:21.5050 INFO Name System.IO Namespace.pdf; Length 7484774; Path h:\Books\pdf\System.IO Namespace.pdf; Load 99%
2020-09-06 23:41:22.0868 ERROR Indicator 99; 
2020-09-06 23:41:22.0868 INFO Name System.Windows.Input.pdf; Length 7449829; Path h:\Books\pdf\System.Windows.Input.pdf; Load 99%
2020-09-06 23:41:22.8550 ERROR Indicator 99; 
2020-09-06 23:41:22.8640 INFO Name Tolkoviy-slovar-po-informatike_2008.pdf; Length 9737379; Path h:\Books\pdf\Tolkoviy-slovar-po-informatike_2008.pdf; Load 99%
2020-09-06 23:41:23.8915 ERROR Indicator 99; 
2020-09-06 23:41:23.9003 INFO Name vol2_242-250.pdf; Length 188303; Path h:\Books\pdf\vol2_242-250.pdf; Load 99%
2020-09-06 23:41:24.0019 ERROR Indicator 99; 
2020-09-06 23:41:24.0092 INFO Name Windows Presentation Foundation.pdf; Length 758763; Path h:\Books\pdf\Windows Presentation Foundation.pdf; Load 99%
2020-09-06 23:41:24.7403 ERROR Indicator 99; 
2020-09-06 23:41:24.7403 INFO Name Архитектура WPF.pdf; Length 10702960; Path h:\Books\pdf\Архитектура WPF.pdf; Load 99%
2020-09-06 23:41:25.4273 ERROR Indicator 99; 
2020-09-06 23:41:25.4273 INFO Name Базовые типы.pdf; Length 3983785; Path h:\Books\pdf\Базовые типы.pdf; Load 99%
2020-09-06 23:41:26.8964 ERROR Indicator 99; 
2020-09-06 23:41:26.9114 INFO Name Бер Бибо, Иегуда Кац - jQuery. Подробное руководство по продвинутому JavaScript.pdf; Length 46591968; Path h:\Books\pdf\Бер Бибо, Иегуда Кац - jQuery. Подробное руководство по продвинутому JavaScript.pdf; Load 99%
2020-09-06 23:41:29.0399 ERROR Indicator 99; 
2020-09-06 23:41:29.0399 INFO Name Мельник Людмила Бизнес прорыв ВКонтакте (СИ).pdf; Length 12516709; Path h:\Books\pdf\Мельник Людмила Бизнес прорыв ВКонтакте (СИ).pdf; Load 99%
2020-09-06 23:41:30.6517 ERROR Indicator 99; 
2020-09-06 23:41:30.6619 INFO Name Натан Адам WPF 4. Подробное руководство (2011).pdf; Length 23205081; Path h:\Books\pdf\Натан Адам WPF 4. Подробное руководство (2011).pdf; Load 99%
2020-09-06 23:41:31.7840 ERROR Indicator 99; 
2020-09-06 23:41:31.7915 INFO Name Основы технологий XML  2.6.pdf; Length 655961; Path h:\Books\pdf\Основы технологий XML  2.6.pdf; Load 99%
2020-09-06 23:41:32.6120 ERROR Indicator 99; 
2020-09-06 23:41:32.6445 INFO Name Пилгрим М. Погружение в HTML5 (2011).pdf; Length 9768629; Path h:\Books\pdf\Пилгрим М. Погружение в HTML5 (2011).pdf; Load 99%
2020-09-06 23:41:33.3705 ERROR Indicator 99; 
2020-09-06 23:41:33.3705 INFO Name Флэнаган Д. JavaScript. Подробное руководство (5-е издание, 2008).pdf; Length 6033373; Path h:\Books\pdf\Флэнаган Д. JavaScript. Подробное руководство (5-е издание, 2008).pdf; Load 99%
2020-09-06 23:41:33.8452 ERROR Indicator 99; 
2020-09-06 23:41:33.8523 INFO Name Чумаченко Ю.Т., Герасименко А.И., Рассанов Б.Б. Автослесарь. Устройство, техническое обслуживание и ремонт автомобилей (2001).pdf; Length 6948017; Path h:\Books\pdf\Чумаченко Ю.Т., Герасименко А.И., Рассанов Б.Б. Автослесарь. Устройство, техническое обслуживание и ремонт автомобилей (2001).pdf; Load 99%
2020-09-06 23:41:34.6900 ERROR Indicator 99; 
2020-09-06 23:41:34.6990 INFO Name Эллиот Расти Гарольд, В. Скотт Минс XML. Справочник (2002).pdf; Length 10099186; Path h:\Books\pdf\Эллиот Расти Гарольд, В. Скотт Минс XML. Справочник (2002).pdf; Load 99%
2020-09-06 23:41:35.1885 ERROR Indicator 99; 
2020-09-06 23:41:35.1985 INFO Name 00_ZBrush_Обложка.pdf; Length 264530; Path h:\Books\pdf\ZBrush\00_ZBrush_Обложка.pdf; Load 99%
2020-09-06 23:41:35.7902 ERROR Indicator 99; 
2020-09-06 23:41:35.7902 INFO Name 00_ZBrush_Содержание.pdf; Length 8727674; Path h:\Books\pdf\ZBrush\00_ZBrush_Содержание.pdf; Load 99%
2020-09-06 23:41:36.4460 ERROR Indicator 99; 
2020-09-06 23:41:36.4460 INFO Name 01_ZBrush_Глава 1_ Основы компьютерной графики.pdf; Length 9801782; Path h:\Books\pdf\ZBrush\01_ZBrush_Глава 1_ Основы компьютерной графики.pdf; Load 99%
2020-09-06 23:41:37.4999 ERROR Indicator 99; 
2020-09-06 23:41:37.5104 INFO Name 02_ZBrush_Глава 2_Лицом к лицу с интерфейсом.pdf; Length 21308526; Path h:\Books\pdf\ZBrush\02_ZBrush_Глава 2_Лицом к лицу с интерфейсом.pdf; Load 99%
2020-09-06 23:41:39.3153 ERROR Indicator 99; 
2020-09-06 23:41:39.4406 INFO Name 03_ZBrush_Глава 3_Основы цифровой лепки.pdf; Length 36685120; Path h:\Books\pdf\ZBrush\03_ZBrush_Глава 3_Основы цифровой лепки.pdf; Load 99%
2020-09-06 23:41:41.4841 ERROR Indicator 99; 
2020-09-06 23:41:41.6689 INFO Name 04_ZBrush_Глава 4_Подобъекты Z-сферы и инструмент ZSketch.pdf; Length 34966561; Path h:\Books\pdf\ZBrush\04_ZBrush_Глава 4_Подобъекты Z-сферы и инструмент ZSketch.pdf; Load 99%
2020-09-06 23:41:43.6787 ERROR Indicator 99; 
2020-09-06 23:41:43.6787 INFO Name 05_ZBrush_Глава 5_ShadowBox и режущие кисти.pdf; Length 30898455; Path h:\Books\pdf\ZBrush\05_ZBrush_Глава 5_ShadowBox и режущие кисти.pdf; Load 99%
2020-09-06 23:41:45.2589 ERROR Indicator 99; 
2020-09-06 23:41:45.2715 INFO Name 06_ZBrush_Глава 6_ ReMesh и проецирование.pdf; Length 19413677; Path h:\Books\pdf\ZBrush\06_ZBrush_Глава 6_ ReMesh и проецирование.pdf; Load 99%
2020-09-06 23:41:47.3115 ERROR Indicator 99; 
2020-09-06 23:41:47.3463 INFO Name 07_ZBrush_Глава 7_ Продвинутые техники работы с кистями.pdf; Length 34943214; Path h:\Books\pdf\ZBrush\07_ZBrush_Глава 7_ Продвинутые техники работы с кистями.pdf; Load 99%
2020-09-06 23:41:49.5975 ERROR Indicator 99; 
2020-09-06 23:41:49.6391 INFO Name 08_ZBrush_Глава 8_ Полирисование и инструмент Spotlight.pdf; Length 29793255; Path h:\Books\pdf\ZBrush\08_ZBrush_Глава 8_ Полирисование и инструмент Spotlight.pdf; Load 99%
2020-09-06 23:41:50.8348 ERROR Indicator 99; 
2020-09-06 23:41:50.8348 INFO Name Thumbs.db; Length 60928; Path h:\Books\pdf\ZBrush\Thumbs.db; Load 99%
2020-09-06 23:41:52.2536 ERROR Indicator 99; 
2020-09-06 23:41:52.2682 INFO Name Бер Бибо, Иегуда Кац - jQuery. Подробное руководство по продвинутому JavaScript.pdf; Length 46591968; Path h:\Books\pdf\JQuery\Подробное руководство по продвинутому JavaScript\Бер Бибо, Иегуда Кац - jQuery. Подробное руководство по продвинутому JavaScript.pdf; Load 99%
2020-09-06 23:41:53.5937 ERROR Indicator 99; 
2020-09-06 23:41:53.6033 INFO Name backg.jpg; Length 17684; Path h:\Books\pdf\JQuery\Подробное руководство по продвинутому JavaScript\jqia.source\backg.jpg; Load 99%
2020-09-06 23:41:53.6703 ERROR Indicator 99; 
2020-09-06 23:41:53.6771 INFO Name banner.jpg; Length 9705; Path h:\Books\pdf\JQuery\Подробное руководство по продвинутому JavaScript\jqia.source\banner.jpg; Load 99%
2020-09-06 23:41:54.6208 ERROR Indicator 99; 
2020-09-06 23:41:54.6208 INFO Name zebra.stripes.html; Length 2089; Path h:\Books\pdf\JQuery\Подробное руководство по продвинутому JavaScript\jqia.source\chapter1\zebra.stripes.html; Load 99%
2020-09-06 23:41:54.6374 ERROR Indicator 99; 
2020-09-06 23:41:54.6374 INFO Name index.json; Length 199; Path h:\Books\pdf\JQuery\Подробное руководство по продвинутому JavaScript\jqia.source\chapter2\index.json; Load 99%
2020-09-06 23:41:55.2457 ERROR Indicator 99; 
2020-09-06 23:41:55.2457 INFO Name subpage.wrapped.set.html; Length 793; Path h:\Books\pdf\JQuery\Подробное руководство по продвинутому JavaScript\jqia.source\chapter2\subpage.wrapped.set.html; Load 99%
2020-09-06 23:41:55.2869 ERROR Indicator 99; 
2020-09-06 23:41:55.2869 INFO Name car.png; Length 39803; Path h:\Books\pdf\JQuery\Подробное руководство по продвинутому JavaScript\jqia.source\chapter3\car.png; Load 99%
2020-09-06 23:41:55.4266 ERROR Indicator 99; 
2020-09-06 23:41:55.4266 INFO Name dragonfly.png; Length 37346; Path h:\Books\pdf\JQuery\Подробное руководство по продвинутому JavaScript\jqia.source\chapter3\dragonfly.png; Load 99%
2020-09-06 23:41:55.4678 ERROR Indicator 99; 
2020-09-06 23:41:55.4750 INFO Name flower.png; Length 49070; Path h:\Books\pdf\JQuery\Подробное руководство по продвинутому JavaScript\jqia.source\chapter3\flower.png; Load 99%
2020-09-06 23:41:56.1074 ERROR Indicator 99; 
2020-09-06 23:41:56.1156 INFO Name dom.2.propagation.html; Length 1099; Path h:\Books\pdf\JQuery\Подробное руководство по продвинутому JavaScript\jqia.source\chapter4\dom.2.propagation.html; Load 99%
2020-09-06 23:41:56.3123 ERROR Indicator 99; 
2020-09-06 23:41:56.3193 INFO Name hover.html; Length 895; Path h:\Books\pdf\JQuery\Подробное руководство по продвинутому JavaScript\jqia.source\chapter4\hover.html; Load 99%
2020-09-06 23:41:56.4550 ERROR Indicator 99; 
2020-09-06 23:41:56.4629 INFO Name jquery.events.html; Length 792; Path h:\Books\pdf\JQuery\Подробное руководство по продвинутому JavaScript\jqia.source\chapter4\jquery.events.html; Load 99%
2020-09-06 23:41:56.6827 ERROR Indicator 99; 
2020-09-06 23:41:56.6827 INFO Name vstar.jpg; Length 9060; Path h:\Books\pdf\JQuery\Подробное руководство по продвинутому JavaScript\jqia.source\chapter4\vstar.jpg; Load 99%
2020-09-06 23:41:56.7074 ERROR Indicator 99; 
2020-09-06 23:41:56.7074 INFO Name collapsible.list.take.2.html; Length 1799; Path h:\Books\pdf\JQuery\Подробное руководство по продвинутому JavaScript\jqia.source\chapter5\collapsible.list.take.2.html; Load 99%
2020-09-06 23:41:56.7349 ERROR Indicator 99; 
2020-09-06 23:41:56.7421 INFO Name IMG_2298.jpg; Length 33756; Path h:\Books\pdf\JQuery\Подробное руководство по продвинутому JavaScript\jqia.source\chapter5\IMG_2298.jpg; Load 99%
2020-09-06 23:41:56.8790 ERROR Indicator 99; 
2020-09-06 23:41:56.8790 INFO Name IMG_2319.jpg; Length 28899; Path h:\Books\pdf\JQuery\Подробное руководство по продвинутому JavaScript\jqia.source\chapter5\IMG_2319.jpg; Load 99%
2020-09-06 23:41:57.5246 ERROR Indicator 99; 
2020-09-06 23:41:57.5246 INFO Name $.getScript.html; Length 793; Path h:\Books\pdf\JQuery\Подробное руководство по продвинутому JavaScript\jqia.source\chapter6\$.getScript.html; Load 99%
2020-09-06 23:41:57.5425 ERROR Indicator 99; 
2020-09-06 23:41:57.5425 INFO Name $.map.html; Length 696; Path h:\Books\pdf\JQuery\Подробное руководство по продвинутому JavaScript\jqia.source\chapter6\$.map.html; Load 99%
2020-09-06 23:41:58.8978 ERROR Indicator 99; 
2020-09-06 23:41:58.8978 INFO Name listing.8.6.html; Length 1592; Path h:\Books\pdf\JQuery\Подробное руководство по продвинутому JavaScript\jqia.source\chapter8\listing.8.6.html; Load 99%
2020-09-06 23:41:59.2056 ERROR Indicator 99; 
2020-09-06 23:41:59.2129 INFO Name serialize.html; Length 2482; Path h:\Books\pdf\JQuery\Подробное руководство по продвинутому JavaScript\jqia.source\chapter8\serialize.html; Load 99%
2020-09-06 23:41:59.5970 ERROR Indicator 99; 
2020-09-06 23:41:59.6047 INFO Name tomcat.pdf; Length 482138; Path h:\Books\pdf\JQuery\Подробное руководство по продвинутому JavaScript\jqia.source\chapter8\tomcat.pdf; Load 99%
2020-09-06 23:41:59.9383 ERROR Indicator 99; 
2020-09-06 23:41:59.9455 INFO Name jquery-1.2.1.js; Length 80469; Path h:\Books\pdf\JQuery\Подробное руководство по продвинутому JavaScript\jqia.source\scripts\jquery-1.2.1.js; Load 99%
2020-09-06 23:42:00.0384 ERROR Indicator 99; 
2020-09-06 23:42:00.0384 INFO Name jquery.dimensions.js; Length 23943; Path h:\Books\pdf\JQuery\Подробное руководство по продвинутому JavaScript\jqia.source\scripts\jquery.dimensions.js; Load 99%
2020-09-06 23:42:00.1282 ERROR Indicator 99; 
2020-09-06 23:42:00.1360 INFO Name jquery.form.js; Length 29838; Path h:\Books\pdf\JQuery\Подробное руководство по продвинутому JavaScript\jqia.source\scripts\jquery.form.js; Load 99%
2020-09-06 23:42:00.2102 ERROR Indicator 99; 
2020-09-06 23:42:00.2102 INFO Name jquery.livequery.js; Length 6569; Path h:\Books\pdf\JQuery\Подробное руководство по продвинутому JavaScript\jqia.source\scripts\jquery.livequery.js; Load 99%
2020-09-06 23:42:00.2879 ERROR Indicator 99; 
2020-09-06 23:42:00.2879 INFO Name ui.draggable.ext.js; Length 9574; Path h:\Books\pdf\JQuery\Подробное руководство по продвинутому JavaScript\jqia.source\scripts\ui.draggable.ext.js; Load 99%
2020-09-06 23:42:00.4072 ERROR Indicator 99; 
2020-09-06 23:42:00.4169 INFO Name ui.draggable.js; Length 5599; Path h:\Books\pdf\JQuery\Подробное руководство по продвинутому JavaScript\jqia.source\scripts\ui.draggable.js; Load 99%
2020-09-06 23:42:00.4833 ERROR Indicator 99; 
2020-09-06 23:42:00.4898 INFO Name ui.droppable.js; Length 6876; Path h:\Books\pdf\JQuery\Подробное руководство по продвинутому JavaScript\jqia.source\scripts\ui.droppable.js; Load 99%
2020-09-06 23:42:00.5350 ERROR Indicator 99; 
2020-09-06 23:42:00.5419 INFO Name ui.resizable.js; Length 10082; Path h:\Books\pdf\JQuery\Подробное руководство по продвинутому JavaScript\jqia.source\scripts\ui.resizable.js; Load 99%
2020-09-06 23:42:00.5922 ERROR Indicator 99; 
2020-09-06 23:42:00.6009 INFO Name ui.slider.js; Length 9253; Path h:\Books\pdf\JQuery\Подробное руководство по продвинутому JavaScript\jqia.source\scripts\ui.slider.js; Load 99%
2020-09-06 23:42:00.6237 ERROR Indicator 99; 
2020-09-06 23:42:00.6331 INFO Name ui.sortable.js; Length 7273; Path h:\Books\pdf\JQuery\Подробное руководство по продвинутому JavaScript\jqia.source\scripts\ui.sortable.js; Load 99%
2020-09-06 23:42:01.1301 ERROR Indicator 99; 
2020-09-06 23:42:01.1301 INFO Name image.1.jpg; Length 21155; Path h:\Books\pdf\JQuery\Подробное руководство по продвинутому JavaScript\jqia.source\chapter2\images\image.1.jpg; Load 99%
2020-09-06 23:42:01.1517 ERROR Indicator 99; 
2020-09-06 23:42:01.1517 INFO Name image.2.jpg; Length 20639; Path h:\Books\pdf\JQuery\Подробное руководство по продвинутому JavaScript\jqia.source\chapter2\images\image.2.jpg; Load 99%
2020-09-06 23:42:01.1987 ERROR Indicator 99; 
2020-09-06 23:42:01.1987 INFO Name image.3.jpg; Length 21804; Path h:\Books\pdf\JQuery\Подробное руководство по продвинутому JavaScript\jqia.source\chapter2\images\image.3.jpg; Load 99%
2020-09-06 23:42:01.2212 ERROR Indicator 99; 
2020-09-06 23:42:01.2285 INFO Name image.4.jpg; Length 20531; Path h:\Books\pdf\JQuery\Подробное руководство по продвинутому JavaScript\jqia.source\chapter2\images\image.4.jpg; Load 99%
2020-09-06 23:42:01.2746 ERROR Indicator 99; 
2020-09-06 23:42:01.2746 INFO Name image.5.jpg; Length 22172; Path h:\Books\pdf\JQuery\Подробное руководство по продвинутому JavaScript\jqia.source\chapter2\images\image.5.jpg; Load 99%
2020-09-06 23:42:01.3015 ERROR Indicator 99; 
2020-09-06 23:42:01.3015 INFO Name image.6.jpg; Length 21142; Path h:\Books\pdf\JQuery\Подробное руководство по продвинутому JavaScript\jqia.source\chapter2\images\image.6.jpg; Load 99%
2020-09-06 23:42:01.3257 ERROR Indicator 99; 
2020-09-06 23:42:01.3342 INFO Name image.7.jpg; Length 21429; Path h:\Books\pdf\JQuery\Подробное руководство по продвинутому JavaScript\jqia.source\chapter2\images\image.7.jpg; Load 99%
2020-09-06 23:42:01.3692 ERROR Indicator 99; 
2020-09-06 23:42:01.3692 INFO Name bamboo.css; Length 894; Path h:\Books\pdf\JQuery\Подробное руководство по продвинутому JavaScript\jqia.source\chapter4\bamboo\bamboo.css; Load 99%
2020-09-06 23:42:01.4233 ERROR Indicator 99; 
2020-09-06 23:42:01.4322 INFO Name bamboo.gif; Length 15665; Path h:\Books\pdf\JQuery\Подробное руководство по продвинутому JavaScript\jqia.source\chapter4\bamboo\bamboo.gif; Load 99%
2020-09-06 23:42:02.1828 ERROR Indicator 99; 
2020-09-06 23:42:02.1828 INFO Name boot.closet.backg.png; Length 7872; Path h:\Books\pdf\JQuery\Подробное руководство по продвинутому JavaScript\jqia.source\chapter8\bootcloset\boot.closet.backg.png; Load 99%
2020-09-06 23:42:02.2679 ERROR Indicator 99; 
2020-09-06 23:42:02.2746 INFO Name boot.closet.branding.png; Length 29401; Path h:\Books\pdf\JQuery\Подробное руководство по продвинутому JavaScript\jqia.source\chapter8\bootcloset\boot.closet.branding.png; Load 99%
2020-09-06 23:42:03.0449 ERROR Indicator 99; 
2020-09-06 23:42:03.0518 INFO Name IMG_2227.jpg; Length 515988; Path h:\Books\pdf\JQuery\Подробное руководство по продвинутому JavaScript\jqia.source\chapter9\dimensions\IMG_2227.jpg; Load 99%
2020-09-06 23:42:03.1161 ERROR Indicator 99; 
2020-09-06 23:42:03.1161 INFO Name image.1.jpg; Length 21155; Path h:\Books\pdf\JQuery\Подробное руководство по продвинутому JavaScript\jqia.source\chapter9\form\image.1.jpg; Load 99%
2020-09-06 23:42:03.1598 ERROR Indicator 99; 
2020-09-06 23:42:03.1688 INFO Name lab.ajaxForm.html; Length 4557; Path h:\Books\pdf\JQuery\Подробное руководство по продвинутому JavaScript\jqia.source\chapter9\form\lab.ajaxForm.html; Load 99%
2020-09-06 23:42:03.1783 ERROR Indicator 99; 
2020-09-06 23:42:03.1783 INFO Name lab.ajaxSubmit.html; Length 4291; Path h:\Books\pdf\JQuery\Подробное руководство по продвинутому JavaScript\jqia.source\chapter9\form\lab.ajaxSubmit.html; Load 99%
2020-09-06 23:42:03.1956 ERROR Indicator 99; 
2020-09-06 23:42:03.1956 INFO Name lab.get.values.html; Length 3088; Path h:\Books\pdf\JQuery\Подробное руководство по продвинутому JavaScript\jqia.source\chapter9\form\lab.get.values.html; Load 99%
2020-09-06 23:42:03.7755 ERROR Indicator 99; 
2020-09-06 23:42:03.7755 INFO Name dragon.gif; Length 18293; Path h:\Books\pdf\JQuery\Подробное руководство по продвинутому JavaScript\jqia.source\chapter9\ui\dragon.gif; Load 99%
2020-09-06 23:42:03.8515 ERROR Indicator 99; 
2020-09-06 23:42:03.8515 INFO Name lab.draggables.html; Length 8348; Path h:\Books\pdf\JQuery\Подробное руководство по продвинутому JavaScript\jqia.source\chapter9\ui\lab.draggables.html; Load 99%
2020-09-06 23:42:03.9190 ERROR Indicator 99; 
2020-09-06 23:42:03.9190 INFO Name lab.droppables.html; Length 7936; Path h:\Books\pdf\JQuery\Подробное руководство по продвинутому JavaScript\jqia.source\chapter9\ui\lab.droppables.html; Load 99%
2020-09-06 23:42:03.9964 ERROR Indicator 99; 
2020-09-06 23:42:03.9964 INFO Name jstl-1.1.2.jar; Length 20682; Path h:\Books\pdf\JQuery\Подробное руководство по продвинутому JavaScript\jqia.source\WEB-INF\lib\jstl-1.1.2.jar; Load 99%
2020-09-06 23:42:04.1857 ERROR Indicator 99; 
2020-09-06 23:42:04.1930 INFO Name standard-1.1.2.jar; Length 393259; Path h:\Books\pdf\JQuery\Подробное руководство по продвинутому JavaScript\jqia.source\WEB-INF\lib\standard-1.1.2.jar; Load 99%
2020-09-06 23:42:04.3258 ERROR Indicator 99; 
2020-09-06 23:42:04.3333 INFO Name IMG_2212.jpg; Length 380769; Path h:\Books\pdf\JQuery\Подробное руководство по продвинутому JavaScript\jqia.source\chapter7\photomatic\photos\IMG_2212.jpg; Load 99%
2020-09-06 23:42:04.3967 ERROR Indicator 99; 
2020-09-06 23:42:04.3967 INFO Name IMG_2222.jpg; Length 399704; Path h:\Books\pdf\JQuery\Подробное руководство по продвинутому JavaScript\jqia.source\chapter7\photomatic\photos\IMG_2222.jpg; Load 99%
2020-09-06 23:42:04.4785 ERROR Indicator 99; 
2020-09-06 23:42:04.4785 INFO Name IMG_2227.jpg; Length 515988; Path h:\Books\pdf\JQuery\Подробное руководство по продвинутому JavaScript\jqia.source\chapter7\photomatic\photos\IMG_2227.jpg; Load 99%
2020-09-06 23:42:04.5442 ERROR Indicator 99; 
2020-09-06 23:42:04.5516 INFO Name IMG_2235.jpg; Length 428950; Path h:\Books\pdf\JQuery\Подробное руководство по продвинутому JavaScript\jqia.source\chapter7\photomatic\photos\IMG_2235.jpg; Load 99%
2020-09-06 23:42:05.0808 ERROR Indicator 99; 
2020-09-06 23:42:05.0901 INFO Name IMG_2259.jpg; Length 486882; Path h:\Books\pdf\JQuery\Подробное руководство по продвинутому JavaScript\jqia.source\chapter7\photomatic\photos\IMG_2259.jpg; Load 99%
2020-09-06 23:42:05.2007 ERROR Indicator 99; 
2020-09-06 23:42:05.2092 INFO Name IMG_2269.jpg; Length 425083; Path h:\Books\pdf\JQuery\Подробное руководство по продвинутому JavaScript\jqia.source\chapter7\photomatic\photos\IMG_2269.jpg; Load 99%
2020-09-06 23:42:05.2711 ERROR Indicator 99; 
2020-09-06 23:42:05.2711 INFO Name IMG_2273.jpg; Length 451908; Path h:\Books\pdf\JQuery\Подробное руководство по продвинутому JavaScript\jqia.source\chapter7\photomatic\photos\IMG_2273.jpg; Load 99%
2020-09-06 23:42:05.4152 ERROR Indicator 99; 
2020-09-06 23:42:05.4152 INFO Name IMG_2287.jpg; Length 431187; Path h:\Books\pdf\JQuery\Подробное руководство по продвинутому JavaScript\jqia.source\chapter7\photomatic\photos\IMG_2287.jpg; Load 99%
2020-09-06 23:42:05.5087 ERROR Indicator 99; 
2020-09-06 23:42:05.5087 INFO Name IMG_2292.jpg; Length 461902; Path h:\Books\pdf\JQuery\Подробное руководство по продвинутому JavaScript\jqia.source\chapter7\photomatic\photos\IMG_2292.jpg; Load 99%
2020-09-06 23:42:05.6173 ERROR Indicator 99; 
2020-09-06 23:42:05.6173 INFO Name IMG_2296.jpg; Length 467348; Path h:\Books\pdf\JQuery\Подробное руководство по продвинутому JavaScript\jqia.source\chapter7\photomatic\photos\IMG_2296.jpg; Load 99%
2020-09-06 23:42:05.9523 ERROR Indicator 99; 
2020-09-06 23:42:05.9591 INFO Name IMG_2298.jpg; Length 485071; Path h:\Books\pdf\JQuery\Подробное руководство по продвинутому JavaScript\jqia.source\chapter7\photomatic\photos\IMG_2298.jpg; Load 99%
2020-09-06 23:42:06.0336 ERROR Indicator 99; 
2020-09-06 23:42:06.0415 INFO Name IMG_2302.jpg; Length 556552; Path h:\Books\pdf\JQuery\Подробное руководство по продвинутому JavaScript\jqia.source\chapter7\photomatic\photos\IMG_2302.jpg; Load 99%
2020-09-06 23:42:06.1104 ERROR Indicator 99; 
2020-09-06 23:42:06.1201 INFO Name IMG_2310.jpg; Length 421966; Path h:\Books\pdf\JQuery\Подробное руководство по продвинутому JavaScript\jqia.source\chapter7\photomatic\photos\IMG_2310.jpg; Load 99%
2020-09-06 23:42:07.0160 ERROR Indicator 99; 
2020-09-06 23:42:07.0234 INFO Name IMG_2319.jpg; Length 415079; Path h:\Books\pdf\JQuery\Подробное руководство по продвинутому JavaScript\jqia.source\chapter7\photomatic\photos\IMG_2319.jpg; Load 99%
2020-09-06 23:42:07.0721 ERROR Indicator 99; 
2020-09-06 23:42:07.0721 INFO Name IMG_2331.jpg; Length 456816; Path h:\Books\pdf\JQuery\Подробное руководство по продвинутому JavaScript\jqia.source\chapter7\photomatic\photos\IMG_2331.jpg; Load 99%
2020-09-06 23:42:07.2526 ERROR Indicator 99; 
2020-09-06 23:42:07.2603 INFO Name IMG_2335.jpg; Length 567287; Path h:\Books\pdf\JQuery\Подробное руководство по продвинутому JavaScript\jqia.source\chapter7\photomatic\photos\IMG_2335.jpg; Load 99%
2020-09-06 23:42:07.3179 ERROR Indicator 99; 
2020-09-06 23:42:07.3179 INFO Name IMG_2212.jpg; Length 27425; Path h:\Books\pdf\JQuery\Подробное руководство по продвинутому JavaScript\jqia.source\chapter7\photomatic\thumbnails\IMG_2212.jpg; Load 99%
2020-09-06 23:42:07.3427 ERROR Indicator 99; 
2020-09-06 23:42:07.3502 INFO Name IMG_2222.jpg; Length 27682; Path h:\Books\pdf\JQuery\Подробное руководство по продвинутому JavaScript\jqia.source\chapter7\photomatic\thumbnails\IMG_2222.jpg; Load 99%
2020-09-06 23:42:07.3888 ERROR Indicator 99; 
2020-09-06 23:42:07.3965 INFO Name IMG_2227.jpg; Length 37655; Path h:\Books\pdf\JQuery\Подробное руководство по продвинутому JavaScript\jqia.source\chapter7\photomatic\thumbnails\IMG_2227.jpg; Load 99%
2020-09-06 23:42:07.5159 ERROR Indicator 99; 
2020-09-06 23:42:07.5251 INFO Name IMG_2235.jpg; Length 29213; Path h:\Books\pdf\JQuery\Подробное руководство по продвинутому JavaScript\jqia.source\chapter7\photomatic\thumbnails\IMG_2235.jpg; Load 99%
2020-09-06 23:42:07.6579 ERROR Indicator 99; 
2020-09-06 23:42:07.6678 INFO Name IMG_2259.jpg; Length 32999; Path h:\Books\pdf\JQuery\Подробное руководство по продвинутому JavaScript\jqia.source\chapter7\photomatic\thumbnails\IMG_2259.jpg; Load 99%
2020-09-06 23:42:07.6863 ERROR Indicator 99; 
2020-09-06 23:42:07.6937 INFO Name IMG_2269.jpg; Length 29536; Path h:\Books\pdf\JQuery\Подробное руководство по продвинутому JavaScript\jqia.source\chapter7\photomatic\thumbnails\IMG_2269.jpg; Load 99%
2020-09-06 23:42:07.7128 ERROR Indicator 99; 
2020-09-06 23:42:07.7128 INFO Name IMG_2273.jpg; Length 31858; Path h:\Books\pdf\JQuery\Подробное руководство по продвинутому JavaScript\jqia.source\chapter7\photomatic\thumbnails\IMG_2273.jpg; Load 99%
2020-09-06 23:42:07.7905 ERROR Indicator 99; 
2020-09-06 23:42:07.7905 INFO Name IMG_2287.jpg; Length 31226; Path h:\Books\pdf\JQuery\Подробное руководство по продвинутому JavaScript\jqia.source\chapter7\photomatic\thumbnails\IMG_2287.jpg; Load 99%
2020-09-06 23:42:07.8179 ERROR Indicator 99; 
2020-09-06 23:42:07.8179 INFO Name IMG_2292.jpg; Length 33968; Path h:\Books\pdf\JQuery\Подробное руководство по продвинутому JavaScript\jqia.source\chapter7\photomatic\thumbnails\IMG_2292.jpg; Load 99%
2020-09-06 23:42:07.8716 ERROR Indicator 99; 
2020-09-06 23:42:07.8794 INFO Name IMG_2296.jpg; Length 33284; Path h:\Books\pdf\JQuery\Подробное руководство по продвинутому JavaScript\jqia.source\chapter7\photomatic\thumbnails\IMG_2296.jpg; Load 99%
2020-09-06 23:42:08.0693 ERROR Indicator 99; 
2020-09-06 23:42:08.1005 INFO Name IMG_2298.jpg; Length 33756; Path h:\Books\pdf\JQuery\Подробное руководство по продвинутому JavaScript\jqia.source\chapter7\photomatic\thumbnails\IMG_2298.jpg; Load 99%
2020-09-06 23:42:08.1665 ERROR Indicator 99; 
2020-09-06 23:42:08.1665 INFO Name IMG_2302.jpg; Length 37809; Path h:\Books\pdf\JQuery\Подробное руководство по продвинутому JavaScript\jqia.source\chapter7\photomatic\thumbnails\IMG_2302.jpg; Load 99%
2020-09-06 23:42:08.3025 ERROR Indicator 99; 
2020-09-06 23:42:08.3381 INFO Name IMG_2310.jpg; Length 33557; Path h:\Books\pdf\JQuery\Подробное руководство по продвинутому JavaScript\jqia.source\chapter7\photomatic\thumbnails\IMG_2310.jpg; Load 99%
2020-09-06 23:42:08.5578 ERROR Indicator 99; 
2020-09-06 23:42:08.6271 INFO Name IMG_2319.jpg; Length 28899; Path h:\Books\pdf\JQuery\Подробное руководство по продвинутому JavaScript\jqia.source\chapter7\photomatic\thumbnails\IMG_2319.jpg; Load 99%
2020-09-06 23:42:08.8003 ERROR Indicator 99; 
2020-09-06 23:42:08.8234 INFO Name IMG_2331.jpg; Length 33529; Path h:\Books\pdf\JQuery\Подробное руководство по продвинутому JavaScript\jqia.source\chapter7\photomatic\thumbnails\IMG_2331.jpg; Load 99%
2020-09-06 23:42:08.9108 ERROR Indicator 99; 
2020-09-06 23:42:08.9829 INFO Name IMG_2335.jpg; Length 36988; Path h:\Books\pdf\JQuery\Подробное руководство по продвинутому JavaScript\jqia.source\chapter7\photomatic\thumbnails\IMG_2335.jpg; Load 99%
2020-09-06 23:42:09.1553 ERROR Indicator 99; 
2020-09-06 23:42:09.2276 INFO Name 7141730.png; Length 98298; Path h:\Books\pdf\JQuery\Подробное руководство по продвинутому JavaScript\jqia.source\chapter8\bootcloset\photos\7141730.png; Load 99%
2020-09-06 23:42:09.3956 ERROR Indicator 99; 
2020-09-06 23:42:09.4891 INFO Name 7141832.png; Length 33481; Path h:\Books\pdf\JQuery\Подробное руководство по продвинутому JavaScript\jqia.source\chapter8\bootcloset\photos\7141832.png; Load 99%
2020-09-06 23:42:09.6869 ERROR Indicator 99; 
2020-09-06 23:42:09.7124 INFO Name 7141833.png; Length 39542; Path h:\Books\pdf\JQuery\Подробное руководство по продвинутому JavaScript\jqia.source\chapter8\bootcloset\photos\7141833.png; Load 99%
2020-09-06 23:42:09.8848 ERROR Indicator 99; 
2020-09-06 23:42:09.9278 INFO Name 7141922.png; Length 80009; Path h:\Books\pdf\JQuery\Подробное руководство по продвинутому JavaScript\jqia.source\chapter8\bootcloset\photos\7141922.png; Load 99%
2020-09-06 23:42:10.0690 ERROR Indicator 99; 
2020-09-06 23:42:10.1235 INFO Name 7173656.png; Length 56221; Path h:\Books\pdf\JQuery\Подробное руководство по продвинутому JavaScript\jqia.source\chapter8\bootcloset\photos\7173656.png; Load 99%
2020-09-06 23:42:10.3199 ERROR Indicator 99; 
2020-09-06 23:42:10.3199 INFO Name 7177382.png; Length 68366; Path h:\Books\pdf\JQuery\Подробное руководство по продвинутому JavaScript\jqia.source\chapter8\bootcloset\photos\7177382.png; Load 99%
2020-09-06 23:42:10.5081 ERROR Indicator 99; 
2020-09-06 23:42:10.5287 INFO Name 7257914.png; Length 55911; Path h:\Books\pdf\JQuery\Подробное руководство по продвинутому JavaScript\jqia.source\chapter8\bootcloset\photos\7257914.png; Load 99%
2020-09-06 23:42:10.7064 ERROR Indicator 99; 
2020-09-06 23:42:10.7837 INFO Name 7269643.png; Length 63884; Path h:\Books\pdf\JQuery\Подробное руководство по продвинутому JavaScript\jqia.source\chapter8\bootcloset\photos\7269643.png; Load 99%
2020-09-06 23:42:11.8781 ERROR Indicator 99; 
2020-09-06 23:42:11.8876 INFO Name IMG_2212.jpg; Length 27425; Path h:\Books\pdf\JQuery\Подробное руководство по продвинутому JavaScript\jqia.source\chapter9\dimensions\thumbnails\IMG_2212.jpg; Load 99%
2020-09-06 23:42:11.9038 ERROR Indicator 99; 
2020-09-06 23:42:11.9038 INFO Name IMG_2227.jpg; Length 37655; Path h:\Books\pdf\JQuery\Подробное руководство по продвинутому JavaScript\jqia.source\chapter9\dimensions\thumbnails\IMG_2227.jpg; Load 99%
2020-09-06 23:42:11.9271 ERROR Indicator 99; 
2020-09-06 23:42:11.9271 INFO Name IMG_2292.jpg; Length 33968; Path h:\Books\pdf\JQuery\Подробное руководство по продвинутому JavaScript\jqia.source\chapter9\dimensions\thumbnails\IMG_2292.jpg; Load 99%
2020-09-06 23:42:11.9909 ERROR Indicator 99; 
2020-09-06 23:42:11.9909 INFO Name IMG_2319.jpg; Length 28899; Path h:\Books\pdf\JQuery\Подробное руководство по продвинутому JavaScript\jqia.source\chapter9\dimensions\thumbnails\IMG_2319.jpg; Load 99%
2020-09-06 23:42:12.1380 ERROR Indicator 99; 
2020-09-06 23:42:12.1450 INFO Name dropzone.flowers.jpg; Length 2079; Path h:\Books\pdf\JQuery\Подробное руководство по продвинутому JavaScript\jqia.source\chapter9\ui\images\dropzone.flowers.jpg; Load 99%
2020-09-06 23:42:12.3504 INFO Total catalogs: 35
2020-09-06 23:42:12.3504 INFO Total catalogs: 35
2020-09-06 23:45:21.9834 INFO Total files: 233
2020-09-06 23:47:15.1189 INFO Total files: 232
