2020-09-07 04:18:11.7143 INFO Total catalogs: 79
2020-09-07 04:18:11.9865 INFO Total catalogs: 79
2020-09-07 04:18:12.1173 INFO Total files: 225
2020-09-07 04:18:12.5958 INFO Total files: 225
2020-09-07 04:18:13.1632 INFO 'img1.mpeg:' 035128c873c8fde1e4e8ebc2013d3cb2 => 035128c873c8fde1e4e8ebc2013d3cb2
2020-09-07 04:18:13.5711 INFO 'img2.bdrip:' e9b737404a2d134e6bef4b14c5edc598 => e9b737404a2d134e6bef4b14c5edc598
2020-09-07 04:18:13.8269 INFO 'img0.wma:' 9819e71e652f7337e2b0cb1104de278d => 9819e71e652f7337e2b0cb1104de278d
2020-09-07 04:18:14.4657 INFO 'img2.alac:' af87878d38864abbc9dc290e9a5cc7c2 => af87878d38864abbc9dc290e9a5cc7c2
2020-09-07 04:18:14.7906 INFO 'img2.jpeg:' 07423c5cb9397eea6d5179201fb107bf => 07423c5cb9397eea6d5179201fb107bf
2020-09-07 04:18:15.1300 INFO 'img0.dvd:' 601076c0d0caf4f6bb61a752b1a0a704 => 601076c0d0caf4f6bb61a752b1a0a704
2020-09-07 04:18:15.4874 INFO 'img1.dv:' b99b8d8d00f1e60d63ed7b8df6895546 => b99b8d8d00f1e60d63ed7b8df6895546
2020-09-07 04:18:15.9049 INFO 'img0.bdrip:' 276c1078df2e58d839663bfe62003072 => 276c1078df2e58d839663bfe62003072
2020-09-07 04:18:16.3172 INFO 'img0.mpeg:' c1464441aa62b7e0d9f1105469782c1e => c1464441aa62b7e0d9f1105469782c1e
2020-09-07 04:18:16.6661 INFO 'img1.dvdrip:' d605d4061c1aaaea3dda37be6e50e1bc => d605d4061c1aaaea3dda37be6e50e1bc
2020-09-07 04:18:16.9832 INFO 'img0.dv:' 1e3ccd91431c7f74a7e4a672542b80a1 => 1e3ccd91431c7f74a7e4a672542b80a1
2020-09-07 04:18:17.4045 INFO 'img0.dvd:' 9f035145beb8e8757872f251b777db68 => 9f035145beb8e8757872f251b777db68
2020-09-07 04:18:18.0321 INFO 'img1.bdrip:' fe72ed65e371afcb60cc73d204bc1763 => fe72ed65e371afcb60cc73d204bc1763
2020-09-07 04:18:18.4708 INFO 'img1.hdrip:' 20a07b713ba62d4ca86dd72f8cddfddb => 20a07b713ba62d4ca86dd72f8cddfddb
2020-09-07 04:18:19.2151 INFO 'img2.bdrip:' 446955e0e372fd4efc85b70bb0bce7fe => 446955e0e372fd4efc85b70bb0bce7fe
2020-09-07 04:18:19.5540 INFO 'img2.mov:' 59925c61f1f6eb53886d424cb11e1c07 => 59925c61f1f6eb53886d424cb11e1c07
2020-09-07 04:18:19.8172 INFO 'img3.avi:' ff853ecc038750eaf9059b22901363b9 => ff853ecc038750eaf9059b22901363b9
2020-09-07 04:18:19.8172 INFO 'sadas.txt:' d41d8cd98f00b204e9800998ecf8427e => d41d8cd98f00b204e9800998ecf8427e
2020-09-07 04:18:20.3093 INFO 'img0.avi:' 8d10cb85e2523e211ff853721710be9f => 8d10cb85e2523e211ff853721710be9f
2020-09-07 04:18:20.6399 INFO 'img0.dvdrip:' 4da82a50b4e5785de12d294f513a0d54 => 4da82a50b4e5785de12d294f513a0d54
2020-09-07 04:18:20.9203 INFO 'img1.hdrip:' c38fee356c7074d152d7942f1b8e8648 => c38fee356c7074d152d7942f1b8e8648
2020-09-07 04:18:21.2717 INFO 'img2.dvdrip:' 555b6711c59c09ee8357297a25032d40 => 555b6711c59c09ee8357297a25032d40
2020-09-07 04:18:21.7576 INFO 'img3.mpeg:' 2cfa1e75f6b504e0bfe94c187ee03450 => 2cfa1e75f6b504e0bfe94c187ee03450
2020-09-07 04:18:22.0423 INFO 'img0.dv:' 762393f8b28c33f8599e67bc95e843a9 => 762393f8b28c33f8599e67bc95e843a9
2020-09-07 04:18:22.4089 INFO 'img0.dvd:' 0de19782a27aea66e1073f0537b70876 => 0de19782a27aea66e1073f0537b70876
2020-09-07 04:18:22.9266 INFO 'img0.mpeg:' 60c3810a3eb3326be3cc512a2647e2e1 => 60c3810a3eb3326be3cc512a2647e2e1
2020-09-07 04:18:23.3407 INFO 'img1.avi:' 3c58e9d762b7e4992c23d3604072d4a3 => 3c58e9d762b7e4992c23d3604072d4a3
2020-09-07 04:18:23.5164 INFO 'img1.dvd:' 9cc52e0730791e168c8b8844dc1d7e10 => 9cc52e0730791e168c8b8844dc1d7e10
2020-09-07 04:18:23.9960 INFO 'img2.hdrip:' 38b8f046da93b7f5472e76293ef1ac0e => 38b8f046da93b7f5472e76293ef1ac0e
2020-09-07 04:18:24.3195 INFO 'img2.mpeg:' 677e6f8be77f24cea50b03c87a334d37 => 677e6f8be77f24cea50b03c87a334d37
2020-09-07 04:18:24.6039 INFO 'img3.dv:' 49c056d1724667238fde02c11588a21f => 49c056d1724667238fde02c11588a21f
2020-09-07 04:18:24.9846 INFO 'img0.flv:' 2fd0a574590391b463a43b77f7548946 => 2fd0a574590391b463a43b77f7548946
2020-09-07 04:18:25.7814 INFO 'img0.mov:' 71e1aaad22dafe025792c0eb2845d0ad => 71e1aaad22dafe025792c0eb2845d0ad
2020-09-07 04:18:26.0447 INFO 'img1.hdrip:' 35cdac3cc03c5b7c69d17b1ac0810fc9 => 35cdac3cc03c5b7c69d17b1ac0810fc9
2020-09-07 04:18:26.7835 INFO 'img2.hdrip:' 0a2a03ffd29cfbd95957b25e235218a8 => 0a2a03ffd29cfbd95957b25e235218a8
2020-09-07 04:18:27.2181 INFO 'img0.avi:' 597e02a6d40b1bcf4e425c8bec03ec65 => 597e02a6d40b1bcf4e425c8bec03ec65
2020-09-07 04:18:27.4464 INFO 'img0.dv:' 171b10144edc68859926f581c110d8bc => 171b10144edc68859926f581c110d8bc
2020-09-07 04:18:27.8184 INFO 'img0.mov:' 58eea3c8dce00bdb305f2dbdf06fa4df => 58eea3c8dce00bdb305f2dbdf06fa4df
2020-09-07 04:18:28.2043 INFO 'img1.bdrip:' 677acb857aff3b4025414826e433e69f => 677acb857aff3b4025414826e433e69f
2020-09-07 04:18:28.5066 INFO 'img1.dv:' 9c01586c682e3aa3073c7a8a33442ae6 => 9c01586c682e3aa3073c7a8a33442ae6
2020-09-07 04:18:28.8868 INFO 'img1.mov:' dcd494ec5b53350b516118c2d33d827c => dcd494ec5b53350b516118c2d33d827c
2020-09-07 04:18:29.1006 INFO 'img2.mpeg:' a8b1f00376413c10d92dcba5cc2f268e => a8b1f00376413c10d92dcba5cc2f268e
2020-09-07 04:18:29.2700 INFO 'img0.hdrip:' 2adfaac1bda0044ee26380a0729f8d7c => 2adfaac1bda0044ee26380a0729f8d7c
2020-09-07 04:18:29.6078 INFO 'img1.dvdrip:' ec0d7a5759c23a845c3c75f574c5321e => ec0d7a5759c23a845c3c75f574c5321e
2020-09-07 04:18:29.9325 INFO 'img2.dvdrip:' 198e8b8b153033e521823984fe2ac823 => 198e8b8b153033e521823984fe2ac823
2020-09-07 04:18:30.1249 INFO 'img0.avi:' d650e7c84ce473b475277ea28e6ec1bb => d650e7c84ce473b475277ea28e6ec1bb
2020-09-07 04:18:30.4588 INFO 'img0.dvdrip:' f48863146c5c84eb3700827dc0e59397 => f48863146c5c84eb3700827dc0e59397
2020-09-07 04:18:30.7778 INFO 'img1.bdrip:' 491dfdf7b1a42f5b604a33a2225fb771 => 491dfdf7b1a42f5b604a33a2225fb771
2020-09-07 04:18:31.0950 INFO 'img1.dvdrip:' a375aafa1ba01baf13782cb8ba4bbeaf => a375aafa1ba01baf13782cb8ba4bbeaf
2020-09-07 04:18:31.3797 INFO 'img1.mov:' 509d3af2df5a9d7a4791685e88ae7337 => 509d3af2df5a9d7a4791685e88ae7337
2020-09-07 04:18:31.7310 INFO 'img2.bdrip:' c112bea13789fe100c6fb5bd867155d0 => c112bea13789fe100c6fb5bd867155d0
2020-09-07 04:18:32.1954 INFO 'img2.mov:' f4725e4e37e986c47967d37f5e33bc0e => f4725e4e37e986c47967d37f5e33bc0e
2020-09-07 04:18:32.4189 INFO 'img3.dv:' 4f8dae22b01a7cd80022f83a1e2c0d30 => 4f8dae22b01a7cd80022f83a1e2c0d30
2020-09-07 04:18:32.6868 INFO 'img3.hdrip:' d1125c50d31db99e4bf36f568643e2f3 => d1125c50d31db99e4bf36f568643e2f3
2020-09-07 04:18:33.0104 INFO 'img0.dvd:' 6a4dd297303496944dd3b798a523046c => 6a4dd297303496944dd3b798a523046c
2020-09-07 04:18:33.2722 INFO 'img0.hdrip:' d44e8e7ca19ff5213af6d6a891af28df => d44e8e7ca19ff5213af6d6a891af28df
2020-09-07 04:18:34.0949 INFO 'img1.mov:' d0a5f48dff3138021bfc497782f4174a => d0a5f48dff3138021bfc497782f4174a
2020-09-07 04:18:34.4600 INFO 'img2.avi:' 16d4fbab9930ceaec008e57da7c0def6 => 16d4fbab9930ceaec008e57da7c0def6
2020-09-07 04:18:34.7011 INFO 'img0.wav:' 906e08eec86653df6f36155ac6364087 => 906e08eec86653df6f36155ac6364087
2020-09-07 04:18:34.8313 INFO 'img1.wav:' 75b7d661c16171d621ce780db02aa38f => 75b7d661c16171d621ce780db02aa38f
2020-09-07 04:18:35.0211 INFO 'img0.alac:' f6ddaf044f485f2e018f1f43dae6f54e => f6ddaf044f485f2e018f1f43dae6f54e
2020-09-07 04:18:35.2185 INFO 'img0.mp3:' 1abb1a92c8ff53cb1de48cd33ca9caef => 1abb1a92c8ff53cb1de48cd33ca9caef
2020-09-07 04:18:35.3600 INFO 'img1.aac:' e3194779dd4e8317f8f07d0b273d2c7f => e3194779dd4e8317f8f07d0b273d2c7f
2020-09-07 04:18:35.5452 INFO 'img2.ogg:' e57093f49814e82f2dfcd278f2cfa41f => e57093f49814e82f2dfcd278f2cfa41f
2020-09-07 04:18:35.8727 INFO 'img3.mp3:' 5ff23a44f0fdf4e8ddb2057b8026aa1c => 5ff23a44f0fdf4e8ddb2057b8026aa1c
2020-09-07 04:18:36.0777 INFO 'img0.flac:' 3c2ab0359cec05b714c2810f89b365e6 => 3c2ab0359cec05b714c2810f89b365e6
2020-09-07 04:18:36.3443 INFO 'img1.wav:' 5402cc7ccf2ae0eb25f7d9c4e670f870 => 5402cc7ccf2ae0eb25f7d9c4e670f870
2020-09-07 04:18:36.4807 INFO 'img2.wav:' 7d95e15b2713154281e7c128939b01ac => 7d95e15b2713154281e7c128939b01ac
2020-09-07 04:18:36.8092 INFO 'img0.bmp:' 67f8eb37d1ccbffe22228a8d4dd7af85 => 67f8eb37d1ccbffe22228a8d4dd7af85
2020-09-07 04:18:36.9663 INFO 'img0.psd:' d90f96d8180c001f47db8ee2d3a083bf => d90f96d8180c001f47db8ee2d3a083bf
2020-09-07 04:18:37.4496 INFO 'img1.raw:' 487317e88240066425bddfdcc97cd76b => 487317e88240066425bddfdcc97cd76b
2020-09-07 04:18:37.6431 INFO 'img2.psd:' aaf41bb6422010ff168f81c72df20b0f => aaf41bb6422010ff168f81c72df20b0f
2020-09-07 04:18:37.9490 INFO 'img3.gif:' 52680a3c9ce9cf18ade9837a131ed05b => 52680a3c9ce9cf18ade9837a131ed05b
2020-09-07 04:18:38.2084 INFO 'img0.bmp:' feca4ba12799b8e3d05287f619523d70 => feca4ba12799b8e3d05287f619523d70
2020-09-07 04:18:38.5059 INFO 'img0.png:' 2f4dcfa162ed1ce1981a49127cb55205 => 2f4dcfa162ed1ce1981a49127cb55205
2020-09-07 04:18:38.8136 INFO 'img0.raw:' 2406c937b36e12a4c097b6d26f0f4287 => 2406c937b36e12a4c097b6d26f0f4287
2020-09-07 04:18:39.0811 INFO 'img1.psd:' 9d4759e4005b944c6bf9a86a935c92ae => 9d4759e4005b944c6bf9a86a935c92ae
2020-09-07 04:18:39.3603 INFO 'img1.tiff:' 6777943429cfaa8e4cc2c934d29ed922 => 6777943429cfaa8e4cc2c934d29ed922
2020-09-07 04:18:40.1190 INFO 'img2.gif:' 6e5eb48ea5f36107d1d61f2e7a4b3156 => 6e5eb48ea5f36107d1d61f2e7a4b3156
2020-09-07 04:18:40.3684 INFO 'img2.jpeg:' 2279abc36c33b19cdc19bab7e3e799bc => 2279abc36c33b19cdc19bab7e3e799bc
2020-09-07 04:18:40.7459 INFO 'img3.png:' 5461672899f3dccf24fcd4798eeb808d => 5461672899f3dccf24fcd4798eeb808d
2020-09-07 04:18:40.9129 INFO 'img3.tiff:' 76b71c1cf28a27e786da4f830ab6fb2b => 76b71c1cf28a27e786da4f830ab6fb2b
2020-09-07 04:18:41.2712 INFO 'img0.raw:' 3e6705c24afbaded6c1b7bef803f3f4a => 3e6705c24afbaded6c1b7bef803f3f4a
2020-09-07 04:18:41.4706 INFO 'img1.jpeg:' b7ce9087f294c7aa298870bf980ff23f => b7ce9087f294c7aa298870bf980ff23f
2020-09-07 04:18:41.8971 INFO 'img2.raw:' 1597e176f4c59bd8d4f1342b2d1e9b1e => 1597e176f4c59bd8d4f1342b2d1e9b1e
2020-09-07 04:18:42.2053 INFO 'img3.bmp:' db50d9d4a5025753c06ba1b8c7bad834 => db50d9d4a5025753c06ba1b8c7bad834
2020-09-07 04:18:42.5692 INFO 'img0.jpeg:' 9722fe6cccdfae572a251080df65683d => 9722fe6cccdfae572a251080df65683d
2020-09-07 04:18:42.7668 INFO 'img0.png:' 33550c639e3fbd8dd63ecda4572a14eb => 33550c639e3fbd8dd63ecda4572a14eb
2020-09-07 04:18:43.1529 INFO 'img1.png:' 18265fe26dc8d7f6eb18ecd9cdb2016f => 18265fe26dc8d7f6eb18ecd9cdb2016f
2020-09-07 04:18:43.3972 INFO 'img1.psd:' d463f5fab156b04b3c0fa2f979cdcfc8 => d463f5fab156b04b3c0fa2f979cdcfc8
2020-09-07 04:18:43.9048 INFO 'img0.gif:' f3497edb8e79b44212246167ca333335 => f3497edb8e79b44212246167ca333335
2020-09-07 04:18:44.6185 INFO 'img0.psd:' 04687df6bfdca86a6cabde7e920f0633 => 04687df6bfdca86a6cabde7e920f0633
2020-09-07 04:18:44.8697 INFO 'img1.gif:' 5ff6963f11129ab167da1c6cd53a0309 => 5ff6963f11129ab167da1c6cd53a0309
2020-09-07 04:18:45.1047 INFO 'img1.png:' ef0c760260ea95b82909f8bcae3970f9 => ef0c760260ea95b82909f8bcae3970f9
2020-09-07 04:18:45.6326 INFO 'img2.raw:' 38ee12c5b8bb4c6049d03ed53949d36f => 38ee12c5b8bb4c6049d03ed53949d36f
2020-09-07 04:18:45.9003 INFO 'img0.bmp:' 88d1a7553a10020d2905fcf0fd59548e => 88d1a7553a10020d2905fcf0fd59548e
2020-09-07 04:18:46.3579 INFO 'img0.tiff:' 9046aeeba9c9306e3091041225950547 => 9046aeeba9c9306e3091041225950547
2020-09-07 04:18:46.6691 INFO 'img1.jpeg:' fb0ce4ed24c3482344c8456f631e2824 => fb0ce4ed24c3482344c8456f631e2824
2020-09-07 04:18:46.8962 INFO 'img1.png:' cd1a43315467dcb48e61ce5233374b49 => cd1a43315467dcb48e61ce5233374b49
2020-09-07 04:18:47.1530 INFO 'img2.png:' cd3efc728488e24638c581260e203926 => cd3efc728488e24638c581260e203926
2020-09-07 04:18:47.4041 INFO 'img3.raw:' 37ee38ce810e4decd2499fe555673b94 => 37ee38ce810e4decd2499fe555673b94
2020-09-07 04:18:47.7025 INFO 'img0.bmp:' d5d74c7e48bec2a43521c8ca1f362fa5 => d5d74c7e48bec2a43521c8ca1f362fa5
2020-09-07 04:18:48.0541 INFO 'img1.raw:' ca4fc898696e184e7d73be4c19ad5534 => ca4fc898696e184e7d73be4c19ad5534
2020-09-07 04:18:48.2866 INFO 'img0.gif:' 5e100e9735fc328d661fae3df8012a8f => 5e100e9735fc328d661fae3df8012a8f
2020-09-07 04:18:48.6335 INFO 'img1.gif:' 9423212f44d3548f993d475f229347aa => 9423212f44d3548f993d475f229347aa
2020-09-07 04:18:49.0358 INFO 'img0.flv:' 0c35b2ceb3490d7f0c032984d6373f94 => 0c35b2ceb3490d7f0c032984d6373f94
2020-09-07 04:18:49.2853 INFO 'img1.dvdrip:' b075303bfb9d414f4a30e94e7116990e => b075303bfb9d414f4a30e94e7116990e
2020-09-07 04:18:49.6692 INFO 'img0.mpeg:' b2cf3e1259c5c5fa9dac7b0d59425fa3 => b2cf3e1259c5c5fa9dac7b0d59425fa3
2020-09-07 04:18:50.0684 INFO 'img1.mov:' a3b83023c903242c6397087694bf511d => a3b83023c903242c6397087694bf511d
2020-09-07 04:18:50.4824 INFO 'img2.mov:' dd31df6c03e13aa78546f4a23f23ecd0 => dd31df6c03e13aa78546f4a23f23ecd0
2020-09-07 04:18:51.0453 INFO 'img0.mpeg:' ac0dcfad958475b0b7690b1f5ffc0499 => ac0dcfad958475b0b7690b1f5ffc0499
2020-09-07 04:18:51.5421 INFO 'img1.dv:' 9831dab5d5c6e2e63aedc35fe891040a => 9831dab5d5c6e2e63aedc35fe891040a
2020-09-07 04:18:51.8639 INFO 'img0.mpeg:' 4fc9889eb051ba4e2ab7521ec8d86139 => 4fc9889eb051ba4e2ab7521ec8d86139
2020-09-07 04:18:52.1386 INFO 'img1.dvdrip:' 11a9b509b113a689b2d766370cee4e1e => 11a9b509b113a689b2d766370cee4e1e
2020-09-07 04:18:52.4331 INFO 'img2.avi:' ed1284483a78e190a387c97167db00fe => ed1284483a78e190a387c97167db00fe
2020-09-07 04:18:52.7340 INFO 'img0.mpeg:' 403cd2ce399c06dd0fbf2c9f96ceb9a2 => 403cd2ce399c06dd0fbf2c9f96ceb9a2
2020-09-07 04:18:53.2110 INFO 'img1.dvd:' 1e16ba3265d921ee23916bc84af33abf => 1e16ba3265d921ee23916bc84af33abf
2020-09-07 04:18:53.5560 INFO 'img2.bdrip:' 9c9608534995dabbc3e2a932ccdfcd9f => 9c9608534995dabbc3e2a932ccdfcd9f
2020-09-07 04:18:53.9912 INFO 'img0.bdrip:' a15da86f1e63ff7bcec73ede4402e02b => a15da86f1e63ff7bcec73ede4402e02b
2020-09-07 04:18:54.3987 INFO 'img1.dv:' 2be0bc254f49030c1c8855be6f3506ae => 2be0bc254f49030c1c8855be6f3506ae
2020-09-07 04:18:54.7248 INFO 'img2.dvd:' f9a069485debcbdb64b17fee0473c91e => f9a069485debcbdb64b17fee0473c91e
2020-09-07 04:18:55.0338 INFO 'img3.mpeg:' 72a6745a1deb16eccfa5fdae424af7a7 => 72a6745a1deb16eccfa5fdae424af7a7
2020-09-07 04:18:55.4354 INFO 'img0.bdrip:' 26387c1b8c7f3df6f872d67aea8bcab5 => 26387c1b8c7f3df6f872d67aea8bcab5
2020-09-07 04:18:55.6941 INFO 'img1.mpeg:' 23abdb20852d1eeaf7de888724146b15 => 23abdb20852d1eeaf7de888724146b15
2020-09-07 04:18:56.1204 INFO 'img2.hdrip:' 87207446abe598874a9e58b231e2c3be => 87207446abe598874a9e58b231e2c3be
2020-09-07 04:18:56.4332 INFO 'img3.bdrip:' 0777fb74ce2ce95447aadce2e0c8550f => 0777fb74ce2ce95447aadce2e0c8550f
2020-09-07 04:18:56.7060 INFO 'img0.hdrip:' fcac7a7aebeb485c79e60b1ef9b86669 => fcac7a7aebeb485c79e60b1ef9b86669
2020-09-07 04:18:57.0146 INFO 'img1.avi:' ad90bc5f1526016c9b7fd05ebe85c6db => ad90bc5f1526016c9b7fd05ebe85c6db
2020-09-07 04:18:57.4183 INFO 'img0.mpeg:' c6ebee7da5872ba7e225a03f0700367d => c6ebee7da5872ba7e225a03f0700367d
2020-09-07 04:18:57.8381 INFO 'img1.avi:' 168f1beb6ff00e006c9c18d50b1c062d => 168f1beb6ff00e006c9c18d50b1c062d
2020-09-07 04:18:58.0316 INFO 'img2.hdrip:' e177ce99a9532ef6d6fd7429f8f27a65 => e177ce99a9532ef6d6fd7429f8f27a65
2020-09-07 04:18:58.4760 INFO 'img3.flv:' fa398638531109ef94f006768d398bc2 => fa398638531109ef94f006768d398bc2
2020-09-07 04:18:58.8069 INFO 'img0.mov:' 64fed4e9efef1503254ee7ece71432e0 => 64fed4e9efef1503254ee7ece71432e0
2020-09-07 04:18:59.0820 INFO 'img1.dv:' b9cfa22d24cd7fd5b976471315b9873b => b9cfa22d24cd7fd5b976471315b9873b
2020-09-07 04:18:59.3922 INFO 'img2.flv:' 4c2bc56a1485beaec0e45731a7a3fcc7 => 4c2bc56a1485beaec0e45731a7a3fcc7
2020-09-07 04:18:59.8548 INFO 'img3.dvdrip:' 1fe958538167503470818e4e7ff51707 => 1fe958538167503470818e4e7ff51707
2020-09-07 04:19:00.0376 INFO 'img0.avi:' 0406116aea497a0d2898d0d7286d5353 => 0406116aea497a0d2898d0d7286d5353
2020-09-07 04:19:00.3411 INFO 'img1.bdrip:' 5ea748a49857907f632f85fe6ca3032f => 5ea748a49857907f632f85fe6ca3032f
2020-09-07 04:19:00.6126 INFO 'img2.dvdrip:' ec977ff45f4855b2bf0e0aa2e3c65a51 => ec977ff45f4855b2bf0e0aa2e3c65a51
2020-09-07 04:19:00.9184 INFO 'img0.flv:' 2da352b409bd551f54fe86d686ac901c => 2da352b409bd551f54fe86d686ac901c
2020-09-07 04:19:01.3362 INFO 'img1.dvdrip:' b99ca96271be02321324e522aba3e4c5 => b99ca96271be02321324e522aba3e4c5
2020-09-07 04:19:01.6118 INFO 'img0.dvdrip:' 41bb9357a809a545c55c697dd140aafc => 41bb9357a809a545c55c697dd140aafc
2020-09-07 04:19:01.7961 INFO 'img1.flv:' 919cda14f7cafdf37fe3c34598df278f => 919cda14f7cafdf37fe3c34598df278f
2020-09-07 04:19:02.0678 INFO 'img2.mpeg:' 531ff98496c646fcc25a07dd81796222 => 531ff98496c646fcc25a07dd81796222
2020-09-07 04:19:02.2230 INFO 'img0.mp3:' ef1c8fe61a94305fd30a15affb21ccc0 => ef1c8fe61a94305fd30a15affb21ccc0
2020-09-07 04:19:02.4209 INFO 'img1.ogg:' 7bea581b42f624beff68a90068f385ca => 7bea581b42f624beff68a90068f385ca
2020-09-07 04:19:02.6493 INFO 'img2.ogg:' cfc54b0ccd2847d5aedceb759871f4d4 => cfc54b0ccd2847d5aedceb759871f4d4
2020-09-07 04:19:02.9927 INFO 'img0.aiff:' 75fcc8c7e8babb2d28ea2e225a9b032c => 75fcc8c7e8babb2d28ea2e225a9b032c
2020-09-07 04:19:03.2064 INFO 'img0.wav:' f22f0e6ec344e87442841bb4d3ac59a8 => f22f0e6ec344e87442841bb4d3ac59a8
2020-09-07 04:19:03.4334 INFO 'img1.alac:' 5014b897c1c216ca850d9206672c7293 => 5014b897c1c216ca850d9206672c7293
2020-09-07 04:19:03.6366 INFO 'img2.flac:' c1b0797f430035662d2372fd441143d4 => c1b0797f430035662d2372fd441143d4
2020-09-07 04:19:03.8144 INFO 'img3.alac:' becceea8e98268a69fcb097e01e28fa8 => becceea8e98268a69fcb097e01e28fa8
2020-09-07 04:19:03.9592 INFO 'img0.aiff:' 0d708f56ecf5806be3a6aff47aec373d => 0d708f56ecf5806be3a6aff47aec373d
2020-09-07 04:19:04.1392 INFO 'img1.mp3:' 40adc470b4bdabab9f106eded814b3c6 => 40adc470b4bdabab9f106eded814b3c6
2020-09-07 04:19:04.8261 INFO 'img2.flac:' 48e4f63ddbfe90e6c6b2996a656b55ba => 48e4f63ddbfe90e6c6b2996a656b55ba
2020-09-07 04:19:05.0608 INFO 'img3.alac:' 092ab454a55346fd757351b15572236e => 092ab454a55346fd757351b15572236e
2020-09-07 04:19:05.2923 INFO 'img0.aac:' 35b2b36243ee6009e7b709aac2e5bb7c => 35b2b36243ee6009e7b709aac2e5bb7c
2020-09-07 04:19:05.5442 INFO 'img0.aiff:' b057df2227d0fcbb15db0fd9b165012b => b057df2227d0fcbb15db0fd9b165012b
2020-09-07 04:19:05.7377 INFO 'img1.ogg:' de2453baa3bd2cbd978866150491e0bf => de2453baa3bd2cbd978866150491e0bf
2020-09-07 04:19:05.9859 INFO 'img0.wma:' c5a2ad4f33ef14e349710d572743d92b => c5a2ad4f33ef14e349710d572743d92b
2020-09-07 04:19:06.1555 INFO 'img1.wma:' 1a6100926cd33bf531a5c1d149e5bd61 => 1a6100926cd33bf531a5c1d149e5bd61
2020-09-07 04:19:06.7572 INFO 'img0.wav:' 2ec45ceb119da3046d728daf6911c79c => 2ec45ceb119da3046d728daf6911c79c
2020-09-07 04:19:07.3008 INFO 'img2.psd:' cffb2912d4984ed4a98782935434490a => cffb2912d4984ed4a98782935434490a
2020-09-07 04:19:07.6308 INFO 'img0.psd:' 301559f53bfb1b1cb7c4b15d6b69fcae => 301559f53bfb1b1cb7c4b15d6b69fcae
2020-09-07 04:19:07.8968 INFO 'img1.jpeg:' 025a0b63a21340601ebeb69de5fe9c85 => 025a0b63a21340601ebeb69de5fe9c85
2020-09-07 04:19:08.2310 INFO 'img2.raw:' 5d6d09721291c2803e7dabed660da4c3 => 5d6d09721291c2803e7dabed660da4c3
2020-09-07 04:19:08.5325 INFO 'img0.png:' 98d26b2fe9d79d73743fe86a82a0da20 => 98d26b2fe9d79d73743fe86a82a0da20
2020-09-07 04:19:08.8511 INFO 'img1.raw:' 90acdc94b798378bfcf26d8bd195c43e => 90acdc94b798378bfcf26d8bd195c43e
2020-09-07 04:19:09.0798 INFO 'img2.jpeg:' 7e07672f51323c30f9552b4db7aebaf3 => 7e07672f51323c30f9552b4db7aebaf3
2020-09-07 04:19:09.3455 INFO 'img0.png:' a93b44e5ebde341958d047d55af87a14 => a93b44e5ebde341958d047d55af87a14
2020-09-07 04:19:09.7484 INFO 'img0.gif:' 5219fe83687c999060484752413799b0 => 5219fe83687c999060484752413799b0
2020-09-07 04:19:10.0489 INFO 'img1.jpeg:' 532b08f0ff54ace30bdbcffcde31bd37 => 532b08f0ff54ace30bdbcffcde31bd37
2020-09-07 04:19:10.4618 INFO 'img2.gif:' 546015803028a948b5e9c9470c39b260 => 546015803028a948b5e9c9470c39b260
2020-09-07 04:19:10.7961 INFO 'img3.psd:' d264320ef3c9e713a95ee2edd0479096 => d264320ef3c9e713a95ee2edd0479096
2020-09-07 04:19:11.0454 INFO 'img0.png:' 30cc3d5f51038505c15a60b8ef4f5a7c => 30cc3d5f51038505c15a60b8ef4f5a7c
2020-09-07 04:19:11.3526 INFO 'img1.psd:' 4f72e8f621a504253e7a230529f62d1f => 4f72e8f621a504253e7a230529f62d1f
2020-09-07 04:19:11.6074 INFO 'img2.psd:' 19b9000eafeef2915870db3cd9a15fad => 19b9000eafeef2915870db3cd9a15fad
2020-09-07 04:19:12.0137 INFO 'img3.bmp:' 0f5a4316cbf40dcbf49fbd4b76486629 => 0f5a4316cbf40dcbf49fbd4b76486629
2020-09-07 04:19:12.2219 INFO 'img0.gif:' 13666e7bf0c2d46a080b9c6e7ef54723 => 13666e7bf0c2d46a080b9c6e7ef54723
2020-09-07 04:19:12.5396 INFO 'img0.jpeg:' 3e78b7378051d5789bfcb8e9290ecf43 => 3e78b7378051d5789bfcb8e9290ecf43
2020-09-07 04:19:13.4674 INFO 'img0.bmp:' ce91d76f326e5cbe3ba52797ab09ca7e => ce91d76f326e5cbe3ba52797ab09ca7e
2020-09-07 04:19:13.6948 INFO 'img0.jpeg:' 4fcf2b6869116317a38e8ee88ffb28fd => 4fcf2b6869116317a38e8ee88ffb28fd
2020-09-07 04:19:13.8195 INFO 'img1.raw:' 99b6ca1a361d822d86853179940e32ea => 99b6ca1a361d822d86853179940e32ea
2020-09-07 04:19:14.1204 INFO 'img0.raw:' 059d54c93a2b2c010a678c3c9ee582f4 => 059d54c93a2b2c010a678c3c9ee582f4
2020-09-07 04:19:14.5465 INFO 'img1.jpeg:' 3734d41b6472e3b71fa638fa8e80fdcd => 3734d41b6472e3b71fa638fa8e80fdcd
2020-09-07 04:19:14.9757 INFO 'img0.psd:' c35a16d6eaefb6099009754e1f4b971e => c35a16d6eaefb6099009754e1f4b971e
2020-09-07 04:19:15.1704 INFO 'img1.gif:' 2d2ee01f3799c4e036f1e1ca7e20c2cf => 2d2ee01f3799c4e036f1e1ca7e20c2cf
2020-09-07 04:19:15.5358 INFO 'img2.jpeg:' 138f5de080e41653d5fd941aad2192c7 => 138f5de080e41653d5fd941aad2192c7
2020-09-07 04:19:15.7450 INFO 'img0.psd:' 10a7d5b5fea9a66c332587cf84c0e168 => 10a7d5b5fea9a66c332587cf84c0e168
2020-09-07 04:19:15.9345 INFO 'img0.bmp:' d449970cc7a31a608a8740fe61dccb45 => d449970cc7a31a608a8740fe61dccb45
2020-09-07 04:19:16.1382 INFO 'img1.raw:' 219926ae9bf3856adc371e8a60bda0d3 => 219926ae9bf3856adc371e8a60bda0d3
2020-09-07 04:19:16.4950 INFO 'img2.psd:' d14d54a70dd1f2eaa822f8c0a95a8fea => d14d54a70dd1f2eaa822f8c0a95a8fea
2020-09-07 04:19:16.9420 INFO 'img3.tiff:' d95f9cc61f895bd316d91bd070bfa205 => d95f9cc61f895bd316d91bd070bfa205
2020-09-07 04:19:17.2962 INFO 'img0.jpeg:' 6879012f2c28ae6f5e29633376764332 => 6879012f2c28ae6f5e29633376764332
2020-09-07 04:19:17.4836 INFO 'img1.tiff:' f46ca975eacb9df0148293a14f4f8476 => f46ca975eacb9df0148293a14f4f8476
2020-09-07 04:19:17.8093 INFO 'img2.bmp:' fa1cfbd19f78e3feb64ce231e9a741a2 => fa1cfbd19f78e3feb64ce231e9a741a2
2020-09-07 04:19:18.1513 INFO 'img0.jpeg:' e030163b06ae14de2a53040db2656bca => e030163b06ae14de2a53040db2656bca
2020-09-07 04:19:18.4933 INFO 'img0.png:' ad88a77dc3be9f1b56f51c8445694755 => ad88a77dc3be9f1b56f51c8445694755
2020-09-07 04:19:18.7515 INFO 'img0.raw:' 016d2325a307532a75b593a80f055d96 => 016d2325a307532a75b593a80f055d96
2020-09-07 04:19:19.1742 INFO 'img0.gif:' 4f078f3f4616422e04ffb0ba0315bf50 => 4f078f3f4616422e04ffb0ba0315bf50
2020-09-07 04:19:19.5208 INFO 'img1.raw:' c1892d8b2b0135a0b8c4485726785bb1 => c1892d8b2b0135a0b8c4485726785bb1
2020-09-07 04:19:20.1263 INFO 'img2.png:' af335361209ffcd20a7ff5a8429ff251 => af335361209ffcd20a7ff5a8429ff251
2020-09-07 04:19:20.4259 INFO 'img0.bmp:' ecfc95360ca2e90230f65695288f8f36 => ecfc95360ca2e90230f65695288f8f36
2020-09-07 04:19:20.6737 INFO 'img1.gif:' 70bdb642761127b58c8cfa32929b246a => 70bdb642761127b58c8cfa32929b246a
2020-09-07 04:19:20.8567 INFO 'img2.png:' d45cbeeaf3e04e8e6ff83aadc7d8e291 => d45cbeeaf3e04e8e6ff83aadc7d8e291
2020-09-07 04:19:21.0676 INFO 'img0.gif:' 1a931e20c763b24dc62f29c4ed886b16 => 1a931e20c763b24dc62f29c4ed886b16
2020-09-07 04:19:21.2380 INFO 'img1.png:' 73edf8b7b9938d3d0791d2e09f39f511 => 73edf8b7b9938d3d0791d2e09f39f511
2020-09-07 04:19:21.5771 INFO 'img2.raw:' f9edf704f2c493b79ca695c829bd1c51 => f9edf704f2c493b79ca695c829bd1c51
2020-09-07 04:19:21.9134 INFO 'img0.bmp:' 6e07b2e123a279b9b3c83da6192045bf => 6e07b2e123a279b9b3c83da6192045bf
2020-09-07 04:19:22.2319 INFO 'img1.raw:' ae6b2377ddab67cf45a3a179993eefbd => ae6b2377ddab67cf45a3a179993eefbd
2020-09-07 04:19:22.4906 INFO 'img2.psd:' d7f3ed8188f2eaddbe29604dabbb235e => d7f3ed8188f2eaddbe29604dabbb235e
2020-09-07 04:19:22.7790 INFO 'img0.bmp:' 5036eab8ccc951a24ba886ef6ab2d735 => 5036eab8ccc951a24ba886ef6ab2d735
2020-09-07 04:19:23.0669 INFO 'img1.gif:' 1a23b7225d7347ba476735f90315fec3 => 1a23b7225d7347ba476735f90315fec3
2020-09-07 04:19:23.3104 INFO 'img0.png:' 533374d459365fd25d66b23d2e072de6 => 533374d459365fd25d66b23d2e072de6
2020-09-07 04:19:23.6300 INFO 'img1.bmp:' 91ce3c36fddcb713e4ff607cc5369bdf => 91ce3c36fddcb713e4ff607cc5369bdf
2020-09-07 04:19:24.1647 INFO 'img2.raw:' e554fadeba3d74aab911096e8e152859 => e554fadeba3d74aab911096e8e152859
2020-09-07 04:19:24.3352 INFO 'img0.gif:' 95b81d7b56b9afef2573e7ed0a39383d => 95b81d7b56b9afef2573e7ed0a39383d
2020-09-07 04:19:24.5528 INFO 'img1.png:' 907d46b1258fddae6cb67384f6d96da1 => 907d46b1258fddae6cb67384f6d96da1
2020-09-07 04:19:24.8598 INFO 'img0.raw:' d636c6059df122a6b41992c93ed4c39c => d636c6059df122a6b41992c93ed4c39c
2020-09-07 04:19:25.0376 INFO 'img1.raw:' 732c9a529b0487f4f6d6a5c67a745b59 => 732c9a529b0487f4f6d6a5c67a745b59
2020-09-07 04:19:25.3825 INFO 'img2.tiff:' 9c884cfe0870262cdd2177ab34ba406e => 9c884cfe0870262cdd2177ab34ba406e
2020-09-07 04:19:25.6217 INFO 'img0.gif:' b90d26b2e5f68554df9312735ad64465 => b90d26b2e5f68554df9312735ad64465
2020-09-07 04:19:25.7839 INFO 'img1.png:' a63c09f7db572db96475c668b65dfe7b => a63c09f7db572db96475c668b65dfe7b
2020-09-07 04:19:26.2300 INFO 'img2.gif:' 2d57b7360af40c4b90aae85d1f748694 => 2d57b7360af40c4b90aae85d1f748694
2020-09-07 04:19:26.4272 INFO 'img3.psd:' e7abcf2c3810781747bcc266828664f8 => e7abcf2c3810781747bcc266828664f8
