2020-09-08 20:42:17.8713 INFO Total catalogs: 139
2020-09-08 20:42:18.2203 INFO Total catalogs: 139
2020-09-08 20:42:18.2899 INFO Total files: 419
2020-09-08 20:42:18.3887 INFO Total files: 419
2020-09-08 20:42:18.8631 INFO 'img0.avi:' e3ff5f1c8a9317a9fb306ead08588568 => e3ff5f1c8a9317a9fb306ead08588568
2020-09-08 20:42:19.2443 INFO 'img0.bdrip:' ded3c9760b8e2aa22b210f7d209dd965 => ded3c9760b8e2aa22b210f7d209dd965
2020-09-08 20:42:19.8429 INFO 'img0.dv:' 113f154a4604298d7fa0762b83c25780 => 113f154a4604298d7fa0762b83c25780
2020-09-08 20:42:20.2917 INFO 'img0.dvdrip:' 78239b5022149ad8bfe3e31abd632485 => 78239b5022149ad8bfe3e31abd632485
2020-09-08 20:42:20.6347 INFO 'img0.hdrip:' ae229045a97dbe19eea03df2f35894aa => ae229045a97dbe19eea03df2f35894aa
2020-09-08 20:42:20.8480 INFO 'img0.mov:' 98e1f517a05cfde6dfd52a4c9cd6eb71 => 98e1f517a05cfde6dfd52a4c9cd6eb71
2020-09-08 20:42:21.3945 INFO 'img1.bdrip:' e16bb837a6c1b432c57a4fa9ea239287 => e16bb837a6c1b432c57a4fa9ea239287
2020-09-08 20:42:21.7431 INFO 'img1.dv:' a6cf720b694a8be8526173c23d3b1d22 => a6cf720b694a8be8526173c23d3b1d22
2020-09-08 20:42:22.1395 INFO 'img1.dvd:' c819d04b08d5b28c7c3d05d6966f8f96 => c819d04b08d5b28c7c3d05d6966f8f96
2020-09-08 20:42:22.3800 INFO 'img1.hdrip:' cc876600c4a998878aa77091d597216f => cc876600c4a998878aa77091d597216f
2020-09-08 20:42:22.6237 INFO 'img1.mpeg:' 035128c873c8fde1e4e8ebc2013d3cb2 => 035128c873c8fde1e4e8ebc2013d3cb2
2020-09-08 20:42:22.9208 INFO 'img2.avi:' df0cc17ea74983db934e0146cf9c7494 => df0cc17ea74983db934e0146cf9c7494
2020-09-08 20:42:23.0766 INFO 'img2.bdrip:' 220ec91f3ef6caa868cc173402f93f6b => 220ec91f3ef6caa868cc173402f93f6b
2020-09-08 20:42:23.4593 INFO 'img2.mov:' bc6742f55112293b5a831677d275274e => bc6742f55112293b5a831677d275274e
2020-09-08 20:42:23.7033 INFO 'img3.mpeg:' c955ca4a076b15f2dae6ca5aa8185b59 => c955ca4a076b15f2dae6ca5aa8185b59
2020-09-08 20:42:24.0424 INFO 'img0.aiff:' c75ed3532719cfcc4be990e33d22faa2 => c75ed3532719cfcc4be990e33d22faa2
2020-09-08 20:42:24.4046 INFO 'img0.flac:' 3789e314118b5dacab5e8c8300f4de41 => 3789e314118b5dacab5e8c8300f4de41
2020-09-08 20:42:24.7226 INFO 'img0.wav:' 1fb1427ab08458b77dcfce2b43ddae97 => 1fb1427ab08458b77dcfce2b43ddae97
2020-09-08 20:42:25.1436 INFO 'img0.wma:' 42bd7b8f81ab46771906c18526365574 => 42bd7b8f81ab46771906c18526365574
2020-09-08 20:42:25.5528 INFO 'img1.wav:' 40ef9757c32b33b1dbbc5564d15f2e70 => 40ef9757c32b33b1dbbc5564d15f2e70
2020-09-08 20:42:25.7641 INFO 'img1.wma:' 1b5da4dde055acd7f1c7c0b85235a388 => 1b5da4dde055acd7f1c7c0b85235a388
2020-09-08 20:42:26.1127 INFO 'img2.aiff:' e52a8276f1452a2967c165ba2bd958a1 => e52a8276f1452a2967c165ba2bd958a1
2020-09-08 20:42:26.4878 INFO 'img2.alac:' af87878d38864abbc9dc290e9a5cc7c2 => af87878d38864abbc9dc290e9a5cc7c2
2020-09-08 20:42:26.7648 INFO 'img2.flac:' 2c7f1c1070a3b6cbd128b2501691b9a3 => 2c7f1c1070a3b6cbd128b2501691b9a3
2020-09-08 20:42:26.9335 INFO 'img3.wav:' 6529c29ac5042969b60f02937b8babf6 => 6529c29ac5042969b60f02937b8babf6
2020-09-08 20:42:27.1525 INFO 'img0.bmp:' 86c93c0c48a5150434bd3595297339ac => 86c93c0c48a5150434bd3595297339ac
2020-09-08 20:42:27.3952 INFO 'img0.jpeg:' 104ba286fc487389fa8c9ed28ead27ca => 104ba286fc487389fa8c9ed28ead27ca
2020-09-08 20:42:27.6956 INFO 'img0.png:' 2ca23808a56b1055bdce01f5201c53dd => 2ca23808a56b1055bdce01f5201c53dd
2020-09-08 20:42:27.9590 INFO 'img0.psd:' 4a0a1be1dc6f95b7b14621fadefafd04 => 4a0a1be1dc6f95b7b14621fadefafd04
2020-09-08 20:42:28.1659 INFO 'img0.raw:' 26f46f786e95d9e6e8aabeb1b3f6f8f8 => 26f46f786e95d9e6e8aabeb1b3f6f8f8
2020-09-08 20:42:28.5410 INFO 'img0.tiff:' 04c45be9181766c1637b506f6c254e3b => 04c45be9181766c1637b506f6c254e3b
2020-09-08 20:42:28.7790 INFO 'img1.bmp:' ab9e7b8c9dfb6fdb870acd2ebf24416e => ab9e7b8c9dfb6fdb870acd2ebf24416e
2020-09-08 20:42:29.1049 INFO 'img1.gif:' 9f6fbc05079a9d2dab00f61937a97902 => 9f6fbc05079a9d2dab00f61937a97902
2020-09-08 20:42:29.4055 INFO 'img1.jpeg:' b1e3bdd203c51245025517bae06d388b => b1e3bdd203c51245025517bae06d388b
2020-09-08 20:42:29.8186 INFO 'img1.png:' 37db5bfc8d8ad7e4fa7175cf051fc9c9 => 37db5bfc8d8ad7e4fa7175cf051fc9c9
2020-09-08 20:42:30.2932 INFO 'img1.psd:' 548216732d12aca4fc841b3dbd6cd677 => 548216732d12aca4fc841b3dbd6cd677
2020-09-08 20:42:30.5277 INFO 'img1.raw:' 23f070787c164e18bd28b9c61f974160 => 23f070787c164e18bd28b9c61f974160
2020-09-08 20:42:30.9033 INFO 'img1.tiff:' ddd044c8c85562d0e9b52cba1ccdf23d => ddd044c8c85562d0e9b52cba1ccdf23d
2020-09-08 20:42:31.3670 INFO 'img2.bmp:' cfa4cda6296fbc3408ae11d83439971c => cfa4cda6296fbc3408ae11d83439971c
2020-09-08 20:42:31.7240 INFO 'img2.jpeg:' af37b200799404d9036be5ba365e7105 => af37b200799404d9036be5ba365e7105
2020-09-08 20:42:32.1811 INFO 'img2.png:' 3470ad1e56e192b14efd9f82085ef006 => 3470ad1e56e192b14efd9f82085ef006
2020-09-08 20:42:32.7308 INFO 'img2.raw:' b2c005a4ddd7d73ac781c4d295ab4ac4 => b2c005a4ddd7d73ac781c4d295ab4ac4
2020-09-08 20:42:33.2468 INFO 'img3.jpeg:' cfae373972026cc64adaa337e3521b7b => cfae373972026cc64adaa337e3521b7b
2020-09-08 20:42:33.6038 INFO 'img3.psd:' 4b28b58a71a706db65b1c364f9171815 => 4b28b58a71a706db65b1c364f9171815
2020-09-08 20:42:34.0286 INFO 'img3.raw:' 383b51d181d2284f6ae336009a77cba8 => 383b51d181d2284f6ae336009a77cba8
2020-09-08 20:42:34.5223 INFO 'img0.dvd:' 601076c0d0caf4f6bb61a752b1a0a704 => 601076c0d0caf4f6bb61a752b1a0a704
2020-09-08 20:42:35.0626 INFO 'img1.dv:' b99b8d8d00f1e60d63ed7b8df6895546 => b99b8d8d00f1e60d63ed7b8df6895546
2020-09-08 20:42:35.5018 INFO 'img0.bdrip:' 276c1078df2e58d839663bfe62003072 => 276c1078df2e58d839663bfe62003072
2020-09-08 20:42:35.8628 INFO 'img0.mpeg:' c1464441aa62b7e0d9f1105469782c1e => c1464441aa62b7e0d9f1105469782c1e
2020-09-08 20:42:36.1759 INFO 'img1.dvdrip:' d605d4061c1aaaea3dda37be6e50e1bc => d605d4061c1aaaea3dda37be6e50e1bc
2020-09-08 20:42:36.5213 INFO 'img0.dv:' 1e3ccd91431c7f74a7e4a672542b80a1 => 1e3ccd91431c7f74a7e4a672542b80a1
2020-09-08 20:42:37.1776 INFO 'img0.dvd:' 9f035145beb8e8757872f251b777db68 => 9f035145beb8e8757872f251b777db68
2020-09-08 20:42:37.8057 INFO 'img1.bdrip:' fe72ed65e371afcb60cc73d204bc1763 => fe72ed65e371afcb60cc73d204bc1763
2020-09-08 20:42:38.2630 INFO 'img1.hdrip:' 20a07b713ba62d4ca86dd72f8cddfddb => 20a07b713ba62d4ca86dd72f8cddfddb
2020-09-08 20:42:38.7176 INFO 'img2.bdrip:' 446955e0e372fd4efc85b70bb0bce7fe => 446955e0e372fd4efc85b70bb0bce7fe
2020-09-08 20:42:39.1306 INFO 'img2.mov:' 59925c61f1f6eb53886d424cb11e1c07 => 59925c61f1f6eb53886d424cb11e1c07
2020-09-08 20:42:39.5695 INFO 'img3.avi:' ff853ecc038750eaf9059b22901363b9 => ff853ecc038750eaf9059b22901363b9
2020-09-08 20:42:39.6402 INFO 'sadas.txt:' d41d8cd98f00b204e9800998ecf8427e => d41d8cd98f00b204e9800998ecf8427e
2020-09-08 20:42:40.1159 INFO 'img0.mpeg:' 17ec08620e211d607c2cf9a466153fca => 17ec08620e211d607c2cf9a466153fca
2020-09-08 20:42:40.6890 INFO 'img1.flv:' 2e3ed14c7910dca5e662b458ff8dbca5 => 2e3ed14c7910dca5e662b458ff8dbca5
2020-09-08 20:42:41.7266 INFO 'img2.mpeg:' 34d411c59f935c7fe3ebb782f74957f5 => 34d411c59f935c7fe3ebb782f74957f5
2020-09-08 20:42:42.0025 INFO 'img0.avi:' eac498296e6589482c7f0ce19bf05819 => eac498296e6589482c7f0ce19bf05819
2020-09-08 20:42:42.3327 INFO 'img0.dvdrip:' 4da82a50b4e5785de12d294f513a0d54 => 4da82a50b4e5785de12d294f513a0d54
2020-09-08 20:42:43.7884 INFO 'img0.mpeg:' adfa422bbb0a666d488b979f7b8755cd => adfa422bbb0a666d488b979f7b8755cd
2020-09-08 20:42:44.1688 INFO 'img1.avi:' c8e26427026146cb8100b8a977dce49e => c8e26427026146cb8100b8a977dce49e
2020-09-08 20:42:44.7867 INFO 'img1.flv:' 7a94037f69028aaffc1e40e70514d148 => 7a94037f69028aaffc1e40e70514d148
2020-09-08 20:42:45.1951 INFO 'img1.hdrip:' c38fee356c7074d152d7942f1b8e8648 => c38fee356c7074d152d7942f1b8e8648
2020-09-08 20:42:45.6764 INFO 'img2.avi:' a07c45db5b587206e0ae0efc57486223 => a07c45db5b587206e0ae0efc57486223
2020-09-08 20:42:46.1572 INFO 'img2.dvdrip:' 555b6711c59c09ee8357297a25032d40 => 555b6711c59c09ee8357297a25032d40
2020-09-08 20:42:46.8529 INFO 'img3.mpeg:' 2cfa1e75f6b504e0bfe94c187ee03450 => 2cfa1e75f6b504e0bfe94c187ee03450
2020-09-08 20:42:47.2687 INFO 'img0.flv:' e7c67673b0d876848716645961f347f7 => e7c67673b0d876848716645961f347f7
2020-09-08 20:42:47.7471 INFO 'img1.mpeg:' 59c83d688f9cc3ba86c12c3a4b05ec60 => 59c83d688f9cc3ba86c12c3a4b05ec60
2020-09-08 20:42:48.1586 INFO 'img2.avi:' 7883238705744cc8d04430c5dd950ca6 => 7883238705744cc8d04430c5dd950ca6
2020-09-08 20:42:48.7757 INFO 'img3.mov:' c1a8bc46457fc26ac9ddb5fcbc89ec3f => c1a8bc46457fc26ac9ddb5fcbc89ec3f
2020-09-08 20:42:49.1007 INFO 'img0.dvdrip:' 79080188a6d574f6d3781f822905e589 => 79080188a6d574f6d3781f822905e589
2020-09-08 20:42:49.4345 INFO 'img1.dv:' d9096ff1d0638783c581871bea3ca91d => d9096ff1d0638783c581871bea3ca91d
2020-09-08 20:42:49.7146 INFO 'img2.mov:' 8ca4fe7f2f392b8dbbd7983938893e12 => 8ca4fe7f2f392b8dbbd7983938893e12
2020-09-08 20:42:49.9556 INFO 'img3.mov:' 8537606824f93fce5dcdd091666af023 => 8537606824f93fce5dcdd091666af023
2020-09-08 20:42:50.1763 INFO 'img0.bdrip:' bd68d0725afb1269b02a12aace33228f => bd68d0725afb1269b02a12aace33228f
2020-09-08 20:42:50.4274 INFO 'img0.dv:' 762393f8b28c33f8599e67bc95e843a9 => 762393f8b28c33f8599e67bc95e843a9
2020-09-08 20:42:50.7531 INFO 'img0.dvd:' 0de19782a27aea66e1073f0537b70876 => 0de19782a27aea66e1073f0537b70876
2020-09-08 20:42:51.2479 INFO 'img0.mpeg:' 60c3810a3eb3326be3cc512a2647e2e1 => 60c3810a3eb3326be3cc512a2647e2e1
2020-09-08 20:42:51.6595 INFO 'img1.avi:' 3c58e9d762b7e4992c23d3604072d4a3 => 3c58e9d762b7e4992c23d3604072d4a3
2020-09-08 20:42:51.8769 INFO 'img1.dvd:' 9cc52e0730791e168c8b8844dc1d7e10 => 9cc52e0730791e168c8b8844dc1d7e10
2020-09-08 20:42:52.2139 INFO 'img1.flv:' 934e318ecd4ec98368b14d6825a39481 => 934e318ecd4ec98368b14d6825a39481
2020-09-08 20:42:52.6858 INFO 'img2.hdrip:' 38b8f046da93b7f5472e76293ef1ac0e => 38b8f046da93b7f5472e76293ef1ac0e
2020-09-08 20:42:53.0062 INFO 'img2.mpeg:' 677e6f8be77f24cea50b03c87a334d37 => 677e6f8be77f24cea50b03c87a334d37
2020-09-08 20:42:53.3227 INFO 'img3.dv:' 49c056d1724667238fde02c11588a21f => 49c056d1724667238fde02c11588a21f
2020-09-08 20:42:53.8686 INFO 'img0.flv:' 2fd0a574590391b463a43b77f7548946 => 2fd0a574590391b463a43b77f7548946
2020-09-08 20:42:54.2438 INFO 'img0.mov:' 71e1aaad22dafe025792c0eb2845d0ad => 71e1aaad22dafe025792c0eb2845d0ad
2020-09-08 20:42:54.5698 INFO 'img1.hdrip:' 35cdac3cc03c5b7c69d17b1ac0810fc9 => 35cdac3cc03c5b7c69d17b1ac0810fc9
2020-09-08 20:42:55.2538 INFO 'img2.hdrip:' 0a2a03ffd29cfbd95957b25e235218a8 => 0a2a03ffd29cfbd95957b25e235218a8
2020-09-08 20:42:55.5022 INFO 'img0.dv:' 233cee08bacde21c1c90ebe48332a96b => 233cee08bacde21c1c90ebe48332a96b
2020-09-08 20:42:55.8112 INFO 'img1.flv:' 219a195a8b1f82bf6e5bf6c1dd38e28e => 219a195a8b1f82bf6e5bf6c1dd38e28e
2020-09-08 20:42:56.1968 INFO 'img2.dvd:' acd5ebaa2c9933ceda3743d7733f9ede => acd5ebaa2c9933ceda3743d7733f9ede
2020-09-08 20:42:56.9764 INFO 'img0.avi:' 597e02a6d40b1bcf4e425c8bec03ec65 => 597e02a6d40b1bcf4e425c8bec03ec65
2020-09-08 20:42:57.3065 INFO 'img0.bdrip:' ddde48c7e312d935906ccf487bdb60de => ddde48c7e312d935906ccf487bdb60de
2020-09-08 20:42:57.9616 INFO 'img0.dv:' 171b10144edc68859926f581c110d8bc => 171b10144edc68859926f581c110d8bc
2020-09-08 20:42:58.3681 INFO 'img0.dvdrip:' 9e473ea559f4dff55d984b13de242471 => 9e473ea559f4dff55d984b13de242471
2020-09-08 20:42:58.9960 INFO 'img0.mov:' 58eea3c8dce00bdb305f2dbdf06fa4df => 58eea3c8dce00bdb305f2dbdf06fa4df
2020-09-08 20:42:59.4391 INFO 'img1.bdrip:' 677acb857aff3b4025414826e433e69f => 677acb857aff3b4025414826e433e69f
2020-09-08 20:42:59.9532 INFO 'img1.dv:' 9c01586c682e3aa3073c7a8a33442ae6 => 9c01586c682e3aa3073c7a8a33442ae6
2020-09-08 20:43:00.3406 INFO 'img1.flv:' d6da4fad52d4be7b2dc55c70ca62ef89 => d6da4fad52d4be7b2dc55c70ca62ef89
2020-09-08 20:43:01.0565 INFO 'img1.mov:' d8db5f7d99a49751f969b192c64919a8 => d8db5f7d99a49751f969b192c64919a8
2020-09-08 20:43:01.5022 INFO 'img2.hdrip:' f994f0644787c6f7232e1e43b0eb8529 => f994f0644787c6f7232e1e43b0eb8529
2020-09-08 20:43:01.8523 INFO 'img2.mpeg:' a8b1f00376413c10d92dcba5cc2f268e => a8b1f00376413c10d92dcba5cc2f268e
2020-09-08 20:43:02.2889 INFO 'img3.hdrip:' 36623e068aedc6655462a729a2ee6e0b => 36623e068aedc6655462a729a2ee6e0b
2020-09-08 20:43:02.6384 INFO 'img0.avi:' f2866d8118220be94fc23905c94cd27b => f2866d8118220be94fc23905c94cd27b
2020-09-08 20:43:03.0692 INFO 'img1.mov:' a5c2a4ae6cb3a222c420a20c365af70b => a5c2a4ae6cb3a222c420a20c365af70b
2020-09-08 20:43:03.7040 INFO 'img0.hdrip:' 2adfaac1bda0044ee26380a0729f8d7c => 2adfaac1bda0044ee26380a0729f8d7c
2020-09-08 20:43:04.4049 INFO 'img1.dvdrip:' ec0d7a5759c23a845c3c75f574c5321e => ec0d7a5759c23a845c3c75f574c5321e
2020-09-08 20:43:04.7990 INFO 'img2.dvdrip:' 198e8b8b153033e521823984fe2ac823 => 198e8b8b153033e521823984fe2ac823
2020-09-08 20:43:04.9915 INFO 'img0.avi:' d650e7c84ce473b475277ea28e6ec1bb => d650e7c84ce473b475277ea28e6ec1bb
2020-09-08 20:43:05.5069 INFO 'img0.dvdrip:' f48863146c5c84eb3700827dc0e59397 => f48863146c5c84eb3700827dc0e59397
2020-09-08 20:43:06.0132 INFO 'img1.bdrip:' 491dfdf7b1a42f5b604a33a2225fb771 => 491dfdf7b1a42f5b604a33a2225fb771
2020-09-08 20:43:06.4324 INFO 'img1.dvdrip:' a375aafa1ba01baf13782cb8ba4bbeaf => a375aafa1ba01baf13782cb8ba4bbeaf
2020-09-08 20:43:07.0330 INFO 'img1.mov:' 509d3af2df5a9d7a4791685e88ae7337 => 509d3af2df5a9d7a4791685e88ae7337
2020-09-08 20:43:07.4367 INFO 'img2.bdrip:' c112bea13789fe100c6fb5bd867155d0 => c112bea13789fe100c6fb5bd867155d0
2020-09-08 20:43:07.8405 INFO 'img2.mov:' f4725e4e37e986c47967d37f5e33bc0e => f4725e4e37e986c47967d37f5e33bc0e
2020-09-08 20:43:08.1905 INFO 'img3.dv:' 4f8dae22b01a7cd80022f83a1e2c0d30 => 4f8dae22b01a7cd80022f83a1e2c0d30
2020-09-08 20:43:08.7662 INFO 'img3.hdrip:' d1125c50d31db99e4bf36f568643e2f3 => d1125c50d31db99e4bf36f568643e2f3
2020-09-08 20:43:09.1546 INFO 'img0.dvd:' 6a4dd297303496944dd3b798a523046c => 6a4dd297303496944dd3b798a523046c
2020-09-08 20:43:09.6592 INFO 'img0.hdrip:' d44e8e7ca19ff5213af6d6a891af28df => d44e8e7ca19ff5213af6d6a891af28df
2020-09-08 20:43:10.1548 INFO 'img1.mov:' d0a5f48dff3138021bfc497782f4174a => d0a5f48dff3138021bfc497782f4174a
2020-09-08 20:43:10.4356 INFO 'img2.avi:' 16d4fbab9930ceaec008e57da7c0def6 => 16d4fbab9930ceaec008e57da7c0def6
2020-09-08 20:43:10.9752 INFO 'img0.avi:' 15ce7ef83254607e656b02582455dd30 => 15ce7ef83254607e656b02582455dd30
2020-09-08 20:43:11.3932 INFO 'img1.flv:' 2cc0cf38bd5670d78ea55ef7bff2f5fb => 2cc0cf38bd5670d78ea55ef7bff2f5fb
2020-09-08 20:43:11.7742 INFO 'img2.dv:' cadee74c26998f5d21367c9d5c3a99dd => cadee74c26998f5d21367c9d5c3a99dd
2020-09-08 20:43:12.1498 INFO 'img0.flv:' 5f026d57f88caf78389ab75c0c18ddb3 => 5f026d57f88caf78389ab75c0c18ddb3
2020-09-08 20:43:12.6127 INFO 'img1.dvd:' 053d3856106101121e630dfd38b2efdd => 053d3856106101121e630dfd38b2efdd
2020-09-08 20:43:13.4037 INFO 'img2.mov:' dd9bb25592337d317a008ecdc009b411 => dd9bb25592337d317a008ecdc009b411
2020-09-08 20:43:13.6846 INFO 'img0.wav:' 906e08eec86653df6f36155ac6364087 => 906e08eec86653df6f36155ac6364087
2020-09-08 20:43:13.9792 INFO 'img1.wav:' 75b7d661c16171d621ce780db02aa38f => 75b7d661c16171d621ce780db02aa38f
2020-09-08 20:43:14.5126 INFO 'img0.wma:' de3a88426fe5e8db6748830340054919 => de3a88426fe5e8db6748830340054919
2020-09-08 20:43:14.8421 INFO 'img0.alac:' 963011285fe12d8cfdbfde36f0bf3fd4 => 963011285fe12d8cfdbfde36f0bf3fd4
2020-09-08 20:43:15.6099 INFO 'img1.ogg:' 7a59cceaf445e7a6a938fdb30a47ee01 => 7a59cceaf445e7a6a938fdb30a47ee01
2020-09-08 20:43:15.9745 INFO 'img2.ogg:' 9d7110b030948d7fc208b1fe1fff97b2 => 9d7110b030948d7fc208b1fe1fff97b2
2020-09-08 20:43:16.4956 INFO 'img0.wav:' 6842dd34cd2a613d87a2c41ce66bfe81 => 6842dd34cd2a613d87a2c41ce66bfe81
2020-09-08 20:43:16.8270 INFO 'img1.aac:' ed94d603d9fff63748e8146d597c3a0f => ed94d603d9fff63748e8146d597c3a0f
2020-09-08 20:43:17.0656 INFO 'img0.alac:' f6ddaf044f485f2e018f1f43dae6f54e => f6ddaf044f485f2e018f1f43dae6f54e
2020-09-08 20:43:17.3588 INFO 'img0.mp3:' 1abb1a92c8ff53cb1de48cd33ca9caef => 1abb1a92c8ff53cb1de48cd33ca9caef
2020-09-08 20:43:17.5477 INFO 'img1.aac:' e3194779dd4e8317f8f07d0b273d2c7f => e3194779dd4e8317f8f07d0b273d2c7f
2020-09-08 20:43:17.8884 INFO 'img2.ogg:' e57093f49814e82f2dfcd278f2cfa41f => e57093f49814e82f2dfcd278f2cfa41f
2020-09-08 20:43:18.4298 INFO 'img3.mp3:' 5ff23a44f0fdf4e8ddb2057b8026aa1c => 5ff23a44f0fdf4e8ddb2057b8026aa1c
2020-09-08 20:43:18.8895 INFO 'img0.flac:' 3c2ab0359cec05b714c2810f89b365e6 => 3c2ab0359cec05b714c2810f89b365e6
2020-09-08 20:43:19.3881 INFO 'img0.mp3:' df5a41e92d7aae37757e0adcaa4f4bb0 => df5a41e92d7aae37757e0adcaa4f4bb0
2020-09-08 20:43:19.6295 INFO 'img0.wav:' 5de61d210bad9a116266ecbab80be4be => 5de61d210bad9a116266ecbab80be4be
2020-09-08 20:43:19.8878 INFO 'img1.alac:' 193894e8b1cd1e0b62f78d489d958e63 => 193894e8b1cd1e0b62f78d489d958e63
2020-09-08 20:43:20.6108 INFO 'img1.flac:' f3d864f74b9ffb246c186f9e21b4a3dd => f3d864f74b9ffb246c186f9e21b4a3dd
2020-09-08 20:43:20.9858 INFO 'img1.wav:' 5402cc7ccf2ae0eb25f7d9c4e670f870 => 5402cc7ccf2ae0eb25f7d9c4e670f870
2020-09-08 20:43:21.3885 INFO 'img1.wma:' 1b6cb0149f1187e8bee7264f3c5e04a4 => 1b6cb0149f1187e8bee7264f3c5e04a4
2020-09-08 20:43:21.6869 INFO 'img2.alac:' c8d0cb16a993dc0a7176aec42c5ba7b3 => c8d0cb16a993dc0a7176aec42c5ba7b3
2020-09-08 20:43:21.9667 INFO 'img2.mp3:' 4ed2b1ea317eb09f802228e150d6b568 => 4ed2b1ea317eb09f802228e150d6b568
2020-09-08 20:43:22.1324 INFO 'img2.wav:' 7d95e15b2713154281e7c128939b01ac => 7d95e15b2713154281e7c128939b01ac
2020-09-08 20:43:22.5414 INFO 'img3.aiff:' f9040f18772105c9b9333914e6b9952d => f9040f18772105c9b9333914e6b9952d
2020-09-08 20:43:22.8024 INFO 'img3.ogg:' b99a32e5d6aa3c7057238683aba63895 => b99a32e5d6aa3c7057238683aba63895
2020-09-08 20:43:23.0326 INFO 'img0.gif:' 3210773752dafd13190682a2441b1bc0 => 3210773752dafd13190682a2441b1bc0
2020-09-08 20:43:23.3670 INFO 'img1.gif:' 44e7f87b2c96e0361ceefe5302fe082a => 44e7f87b2c96e0361ceefe5302fe082a
2020-09-08 20:43:23.6181 INFO 'img2.gif:' 565f5e53f2918b9d72b02c920987cac5 => 565f5e53f2918b9d72b02c920987cac5
2020-09-08 20:43:23.9638 INFO 'img3.bmp:' 35a8003cdd6ce1bc811e6c68da4ab3e9 => 35a8003cdd6ce1bc811e6c68da4ab3e9
2020-09-08 20:43:24.1935 INFO 'img0.png:' 41c63adf3677b475c4a7319b7e85300a => 41c63adf3677b475c4a7319b7e85300a
2020-09-08 20:43:24.5728 INFO 'img1.png:' e1bbca2e3a0efcb51adeb4dbfa267936 => e1bbca2e3a0efcb51adeb4dbfa267936
2020-09-08 20:43:24.8505 INFO 'img0.png:' 3dd6c73865a775d7b7cc56e59f5efc5e => 3dd6c73865a775d7b7cc56e59f5efc5e
2020-09-08 20:43:25.2394 INFO 'img1.gif:' faf5eb4ef38723d8a46ddf3cd9865431 => faf5eb4ef38723d8a46ddf3cd9865431
2020-09-08 20:43:25.5941 INFO 'img0.bmp:' 67f8eb37d1ccbffe22228a8d4dd7af85 => 67f8eb37d1ccbffe22228a8d4dd7af85
2020-09-08 20:43:25.8628 INFO 'img0.psd:' d90f96d8180c001f47db8ee2d3a083bf => d90f96d8180c001f47db8ee2d3a083bf
2020-09-08 20:43:26.2011 INFO 'img1.raw:' 487317e88240066425bddfdcc97cd76b => 487317e88240066425bddfdcc97cd76b
2020-09-08 20:43:26.5540 INFO 'img2.psd:' aaf41bb6422010ff168f81c72df20b0f => aaf41bb6422010ff168f81c72df20b0f
2020-09-08 20:43:26.9695 INFO 'img3.gif:' 52680a3c9ce9cf18ade9837a131ed05b => 52680a3c9ce9cf18ade9837a131ed05b
2020-09-08 20:43:27.2369 INFO 'img0.jpeg:' e1491b4cc870ccf916a8026183dfff9f => e1491b4cc870ccf916a8026183dfff9f
2020-09-08 20:43:27.5360 INFO 'img1.raw:' 6308c9ff6da4b7644229d2ad949a1c5f => 6308c9ff6da4b7644229d2ad949a1c5f
2020-09-08 20:43:27.9312 INFO 'img2.bmp:' 70fb1ef98fa2f0afd94f97babe28e263 => 70fb1ef98fa2f0afd94f97babe28e263
2020-09-08 20:43:28.1793 INFO 'img3.bmp:' 2f6eedd56b27c8bab4789910b33e2bb2 => 2f6eedd56b27c8bab4789910b33e2bb2
2020-09-08 20:43:28.4311 INFO 'img0.bmp:' feca4ba12799b8e3d05287f619523d70 => feca4ba12799b8e3d05287f619523d70
2020-09-08 20:43:28.8894 INFO 'img0.png:' 2f4dcfa162ed1ce1981a49127cb55205 => 2f4dcfa162ed1ce1981a49127cb55205
2020-09-08 20:43:29.3260 INFO 'img0.raw:' 2406c937b36e12a4c097b6d26f0f4287 => 2406c937b36e12a4c097b6d26f0f4287
2020-09-08 20:43:29.6352 INFO 'img1.psd:' 9d4759e4005b944c6bf9a86a935c92ae => 9d4759e4005b944c6bf9a86a935c92ae
2020-09-08 20:43:29.9900 INFO 'img1.tiff:' 6777943429cfaa8e4cc2c934d29ed922 => 6777943429cfaa8e4cc2c934d29ed922
2020-09-08 20:43:30.3215 INFO 'img2.gif:' 6e5eb48ea5f36107d1d61f2e7a4b3156 => 6e5eb48ea5f36107d1d61f2e7a4b3156
2020-09-08 20:43:30.4860 INFO 'img2.jpeg:' 2279abc36c33b19cdc19bab7e3e799bc => 2279abc36c33b19cdc19bab7e3e799bc
2020-09-08 20:43:30.9964 INFO 'img3.png:' 5461672899f3dccf24fcd4798eeb808d => 5461672899f3dccf24fcd4798eeb808d
2020-09-08 20:43:31.1947 INFO 'img3.tiff:' 76b71c1cf28a27e786da4f830ab6fb2b => 76b71c1cf28a27e786da4f830ab6fb2b
2020-09-08 20:43:31.4194 INFO 'img0.gif:' cb17b7b98aa0ba6c79eb9f8f6cb938cd => cb17b7b98aa0ba6c79eb9f8f6cb938cd
2020-09-08 20:43:31.8362 INFO 'img0.jpeg:' 996028b642ec62c176c3db4a55acdc75 => 996028b642ec62c176c3db4a55acdc75
2020-09-08 20:43:32.1172 INFO 'img1.psd:' bc0077e31a7af346baec79fc093a3148 => bc0077e31a7af346baec79fc093a3148
2020-09-08 20:43:32.5212 INFO 'img0.raw:' 3e6705c24afbaded6c1b7bef803f3f4a => 3e6705c24afbaded6c1b7bef803f3f4a
2020-09-08 20:43:32.8010 INFO 'img1.jpeg:' b7ce9087f294c7aa298870bf980ff23f => b7ce9087f294c7aa298870bf980ff23f
2020-09-08 20:43:33.1700 INFO 'img2.raw:' 1597e176f4c59bd8d4f1342b2d1e9b1e => 1597e176f4c59bd8d4f1342b2d1e9b1e
2020-09-08 20:43:33.5758 INFO 'img3.bmp:' db50d9d4a5025753c06ba1b8c7bad834 => db50d9d4a5025753c06ba1b8c7bad834
2020-09-08 20:43:34.1948 INFO 'img0.jpeg:' 9722fe6cccdfae572a251080df65683d => 9722fe6cccdfae572a251080df65683d
2020-09-08 20:43:34.5108 INFO 'img0.png:' 33550c639e3fbd8dd63ecda4572a14eb => 33550c639e3fbd8dd63ecda4572a14eb
2020-09-08 20:43:35.0433 INFO 'img1.png:' 18265fe26dc8d7f6eb18ecd9cdb2016f => 18265fe26dc8d7f6eb18ecd9cdb2016f
2020-09-08 20:43:35.2847 INFO 'img1.psd:' d463f5fab156b04b3c0fa2f979cdcfc8 => d463f5fab156b04b3c0fa2f979cdcfc8
2020-09-08 20:43:35.6047 INFO 'img0.bmp:' ba32f50ee184572cac76d7ff7d0ae240 => ba32f50ee184572cac76d7ff7d0ae240
2020-09-08 20:43:36.0549 INFO 'img0.gif:' f3497edb8e79b44212246167ca333335 => f3497edb8e79b44212246167ca333335
2020-09-08 20:43:36.4031 INFO 'img0.psd:' 04687df6bfdca86a6cabde7e920f0633 => 04687df6bfdca86a6cabde7e920f0633
2020-09-08 20:43:36.6697 INFO 'img1.gif:' 5ff6963f11129ab167da1c6cd53a0309 => 5ff6963f11129ab167da1c6cd53a0309
2020-09-08 20:43:36.9007 INFO 'img1.png:' ef0c760260ea95b82909f8bcae3970f9 => ef0c760260ea95b82909f8bcae3970f9
2020-09-08 20:43:37.4941 INFO 'img2.raw:' 38ee12c5b8bb4c6049d03ed53949d36f => 38ee12c5b8bb4c6049d03ed53949d36f
2020-09-08 20:43:37.8233 INFO 'img0.gif:' 6eb3fa5d950bf7c873ccff6f78d910d6 => 6eb3fa5d950bf7c873ccff6f78d910d6
2020-09-08 20:43:38.2606 INFO 'img0.tiff:' c11d911fef96ddef71aa421bcc1e0d82 => c11d911fef96ddef71aa421bcc1e0d82
2020-09-08 20:43:38.5206 INFO 'img0.bmp:' 88d1a7553a10020d2905fcf0fd59548e => 88d1a7553a10020d2905fcf0fd59548e
2020-09-08 20:43:38.9546 INFO 'img0.tiff:' 9046aeeba9c9306e3091041225950547 => 9046aeeba9c9306e3091041225950547
2020-09-08 20:43:39.4373 INFO 'img1.jpeg:' fb0ce4ed24c3482344c8456f631e2824 => fb0ce4ed24c3482344c8456f631e2824
2020-09-08 20:43:39.7070 INFO 'img1.png:' cd1a43315467dcb48e61ce5233374b49 => cd1a43315467dcb48e61ce5233374b49
2020-09-08 20:43:40.0308 INFO 'img2.png:' cd3efc728488e24638c581260e203926 => cd3efc728488e24638c581260e203926
2020-09-08 20:43:40.2852 INFO 'img3.raw:' 37ee38ce810e4decd2499fe555673b94 => 37ee38ce810e4decd2499fe555673b94
2020-09-08 20:43:40.5753 INFO 'img0.psd:' 921d92eacef722faf5cc849f9935c5ae => 921d92eacef722faf5cc849f9935c5ae
2020-09-08 20:43:41.1109 INFO 'img1.raw:' 62d9c7faf882db9cadc9f8c5e42694b9 => 62d9c7faf882db9cadc9f8c5e42694b9
2020-09-08 20:43:41.4769 INFO 'img2.bmp:' 211c0dc6d3b1a09fc498510ac96b44a7 => 211c0dc6d3b1a09fc498510ac96b44a7
2020-09-08 20:43:41.6953 INFO 'img3.bmp:' 3f23877c8027f86956c38ca8975f8e77 => 3f23877c8027f86956c38ca8975f8e77
2020-09-08 20:43:42.4605 INFO 'img0.gif:' eb757b69d5510e7d75a9d27e4bed0ccd => eb757b69d5510e7d75a9d27e4bed0ccd
2020-09-08 20:43:42.8091 INFO 'img1.bmp:' 1020ff0f7e5486d18f699148e527c4d1 => 1020ff0f7e5486d18f699148e527c4d1
2020-09-08 20:43:43.3109 INFO 'img2.png:' 7b164f6003e571faa5701cb7c31086ce => 7b164f6003e571faa5701cb7c31086ce
2020-09-08 20:43:43.6259 INFO 'img0.bmp:' 762a2f5d659e70d87819a60c88b30154 => 762a2f5d659e70d87819a60c88b30154
2020-09-08 20:43:43.9044 INFO 'img0.bmp:' d5d74c7e48bec2a43521c8ca1f362fa5 => d5d74c7e48bec2a43521c8ca1f362fa5
2020-09-08 20:43:44.5438 INFO 'img1.raw:' ca4fc898696e184e7d73be4c19ad5534 => ca4fc898696e184e7d73be4c19ad5534
2020-09-08 20:43:44.8305 INFO 'img0.gif:' 4be57c58549adc8adc6a6627540a7e9c => 4be57c58549adc8adc6a6627540a7e9c
2020-09-08 20:43:45.2633 INFO 'img0.raw:' 9da34b169dd90152a3e1391347e00b9d => 9da34b169dd90152a3e1391347e00b9d
2020-09-08 20:43:45.6388 INFO 'img0.raw:' 5e96cbd595b28dccd93f35bd9d606b6b => 5e96cbd595b28dccd93f35bd9d606b6b
2020-09-08 20:43:45.9866 INFO 'img0.gif:' 5e100e9735fc328d661fae3df8012a8f => 5e100e9735fc328d661fae3df8012a8f
2020-09-08 20:43:46.3277 INFO 'img0.tiff:' 175441f4ee525a4acc37a7cb5d51ff92 => 175441f4ee525a4acc37a7cb5d51ff92
2020-09-08 20:43:46.7690 INFO 'img1.gif:' 2740f71aa41307649eb3a4b03bd9745b => 2740f71aa41307649eb3a4b03bd9745b
2020-09-08 20:43:47.1511 INFO 'img2.bmp:' cad18c6deeeb980cc6da1690c7b4a0c4 => cad18c6deeeb980cc6da1690c7b4a0c4
2020-09-08 20:43:47.6080 INFO 'img3.raw:' 014c9be32202d255cffbb09111bf728f => 014c9be32202d255cffbb09111bf728f
2020-09-08 20:43:48.0011 INFO 'img0.flv:' 0c35b2ceb3490d7f0c032984d6373f94 => 0c35b2ceb3490d7f0c032984d6373f94
2020-09-08 20:43:48.3189 INFO 'img1.dvdrip:' b075303bfb9d414f4a30e94e7116990e => b075303bfb9d414f4a30e94e7116990e
2020-09-08 20:43:48.6215 INFO 'img0.mpeg:' b2cf3e1259c5c5fa9dac7b0d59425fa3 => b2cf3e1259c5c5fa9dac7b0d59425fa3
2020-09-08 20:43:49.0238 INFO 'img1.mov:' a3b83023c903242c6397087694bf511d => a3b83023c903242c6397087694bf511d
2020-09-08 20:43:49.3034 INFO 'img2.mov:' dd31df6c03e13aa78546f4a23f23ecd0 => dd31df6c03e13aa78546f4a23f23ecd0
2020-09-08 20:43:49.7628 INFO 'img0.mpeg:' ac0dcfad958475b0b7690b1f5ffc0499 => ac0dcfad958475b0b7690b1f5ffc0499
2020-09-08 20:43:50.1787 INFO 'img1.dv:' 9831dab5d5c6e2e63aedc35fe891040a => 9831dab5d5c6e2e63aedc35fe891040a
2020-09-08 20:43:50.5525 INFO 'img0.dv:' f8765db333b8fc4f44d6eaa522064329 => f8765db333b8fc4f44d6eaa522064329
2020-09-08 20:43:50.9847 INFO 'img0.mpeg:' 4fc9889eb051ba4e2ab7521ec8d86139 => 4fc9889eb051ba4e2ab7521ec8d86139
2020-09-08 20:43:51.4897 INFO 'img1.dvdrip:' 11a9b509b113a689b2d766370cee4e1e => 11a9b509b113a689b2d766370cee4e1e
2020-09-08 20:43:51.8462 INFO 'img2.avi:' ed1284483a78e190a387c97167db00fe => ed1284483a78e190a387c97167db00fe
2020-09-08 20:43:52.2048 INFO 'img0.mpeg:' 403cd2ce399c06dd0fbf2c9f96ceb9a2 => 403cd2ce399c06dd0fbf2c9f96ceb9a2
2020-09-08 20:43:52.6853 INFO 'img1.dvd:' 1e16ba3265d921ee23916bc84af33abf => 1e16ba3265d921ee23916bc84af33abf
2020-09-08 20:43:52.9939 INFO 'img2.bdrip:' 9c9608534995dabbc3e2a932ccdfcd9f => 9c9608534995dabbc3e2a932ccdfcd9f
2020-09-08 20:43:53.4402 INFO 'img0.bdrip:' a15da86f1e63ff7bcec73ede4402e02b => a15da86f1e63ff7bcec73ede4402e02b
2020-09-08 20:43:53.8952 INFO 'img1.dv:' 2be0bc254f49030c1c8855be6f3506ae => 2be0bc254f49030c1c8855be6f3506ae
2020-09-08 20:43:54.3511 INFO 'img2.dvd:' f9a069485debcbdb64b17fee0473c91e => f9a069485debcbdb64b17fee0473c91e
2020-09-08 20:43:54.7329 INFO 'img3.mpeg:' 72a6745a1deb16eccfa5fdae424af7a7 => 72a6745a1deb16eccfa5fdae424af7a7
2020-09-08 20:43:55.1002 INFO 'img0.bdrip:' 75b9af1ebe369fa3d0154e3da13ae59e => 75b9af1ebe369fa3d0154e3da13ae59e
2020-09-08 20:43:55.6396 INFO 'img1.avi:' 18fb0f81d77bfe1a386fa92b16e1a3c9 => 18fb0f81d77bfe1a386fa92b16e1a3c9
2020-09-08 20:43:56.2087 INFO 'img2.flv:' 95ea189610385fc5c51fe2344f805329 => 95ea189610385fc5c51fe2344f805329
2020-09-08 20:43:56.5098 INFO 'img0.dv:' 08732511e16611c2ae5f686252ae4cd0 => 08732511e16611c2ae5f686252ae4cd0
2020-09-08 20:43:56.7852 INFO 'img0.bdrip:' eb0b184d8d3a7322a23f949772c2dd46 => eb0b184d8d3a7322a23f949772c2dd46
2020-09-08 20:43:57.2139 INFO 'img1.dvdrip:' 2e7f3483273ffd76000e6bb09f38ee29 => 2e7f3483273ffd76000e6bb09f38ee29
2020-09-08 20:43:57.5926 INFO 'img2.bdrip:' 6d1ff34b75a4d20bafd1a6e44c46353f => 6d1ff34b75a4d20bafd1a6e44c46353f
2020-09-08 20:43:58.2056 INFO 'img3.avi:' 75c3f2b7095effa81ddab99f7131a53b => 75c3f2b7095effa81ddab99f7131a53b
2020-09-08 20:43:58.7819 INFO 'img0.dvdrip:' 628811205e25ab5209615ce7a85f7aec => 628811205e25ab5209615ce7a85f7aec
2020-09-08 20:43:59.2910 INFO 'img1.mpeg:' b5943d3aa4cb2ec7d1bd911fbe3c53eb => b5943d3aa4cb2ec7d1bd911fbe3c53eb
2020-09-08 20:43:59.7076 INFO 'img0.dv:' 3e9cdf9044273afa8f75d108813d8d52 => 3e9cdf9044273afa8f75d108813d8d52
2020-09-08 20:43:59.9318 INFO 'img1.flv:' a88ce3ebf3db9bc8dd3bb73ffe6fc90d => a88ce3ebf3db9bc8dd3bb73ffe6fc90d
2020-09-08 20:44:00.3708 INFO 'img2.hdrip:' de049bd593e8f78e49446a34eb0e705d => de049bd593e8f78e49446a34eb0e705d
2020-09-08 20:44:00.7317 INFO 'img0.avi:' 21b7353e2c397852d99053ffd8a8f9bd => 21b7353e2c397852d99053ffd8a8f9bd
2020-09-08 20:44:01.0083 INFO 'img1.flv:' 7f50bca1396ec73d8077fa8b4c8f7be1 => 7f50bca1396ec73d8077fa8b4c8f7be1
2020-09-08 20:44:01.4632 INFO 'img0.flv:' 11ff588f9628aa3312c5be4f8ebb4df9 => 11ff588f9628aa3312c5be4f8ebb4df9
2020-09-08 20:44:01.9261 INFO 'img1.dv:' e1acb14bcf1af79aeb1ce040261ca500 => e1acb14bcf1af79aeb1ce040261ca500
2020-09-08 20:44:02.2566 INFO 'img2.flv:' c5e24cb62d074653acdd9600a189b718 => c5e24cb62d074653acdd9600a189b718
2020-09-08 20:44:02.5934 INFO 'img0.bdrip:' 26387c1b8c7f3df6f872d67aea8bcab5 => 26387c1b8c7f3df6f872d67aea8bcab5
2020-09-08 20:44:02.8915 INFO 'img1.mpeg:' 23abdb20852d1eeaf7de888724146b15 => 23abdb20852d1eeaf7de888724146b15
2020-09-08 20:44:03.6452 INFO 'img2.hdrip:' 87207446abe598874a9e58b231e2c3be => 87207446abe598874a9e58b231e2c3be
2020-09-08 20:44:03.9772 INFO 'img3.bdrip:' 0777fb74ce2ce95447aadce2e0c8550f => 0777fb74ce2ce95447aadce2e0c8550f
2020-09-08 20:44:04.4371 INFO 'img0.dvd:' 0363ebd5c459613a3a3ac54b821c666f => 0363ebd5c459613a3a3ac54b821c666f
2020-09-08 20:44:04.7991 INFO 'img1.avi:' b614ced09871c96258c83b8e7df22bc5 => b614ced09871c96258c83b8e7df22bc5
2020-09-08 20:44:05.0611 INFO 'img0.avi:' 9785ad1b6d8a5586c8ffd8f52eec2a4c => 9785ad1b6d8a5586c8ffd8f52eec2a4c
2020-09-08 20:44:05.2985 INFO 'img1.mov:' e5ad99a601685929306f79d9915e579c => e5ad99a601685929306f79d9915e579c
2020-09-08 20:44:05.6430 INFO 'img2.hdrip:' 665b757b4c4b9e9007244ad01c47bcb0 => 665b757b4c4b9e9007244ad01c47bcb0
2020-09-08 20:44:06.0876 INFO 'img3.flv:' af8a92acb52e024b5a73505abb76ae85 => af8a92acb52e024b5a73505abb76ae85
2020-09-08 20:44:06.3854 INFO 'img0.avi:' 58583eaf58f54ba93816f571dec8db9e => 58583eaf58f54ba93816f571dec8db9e
2020-09-08 20:44:06.7746 INFO 'img0.flv:' 616233ed52e5a5535827f6787c027210 => 616233ed52e5a5535827f6787c027210
2020-09-08 20:44:07.0027 INFO 'img1.dvd:' 7b974906ee95946c8c79ff5fedb60a38 => 7b974906ee95946c8c79ff5fedb60a38
2020-09-08 20:44:07.3531 INFO 'img2.avi:' c2caaadf97e92e8b2a906ed03b93125a => c2caaadf97e92e8b2a906ed03b93125a
2020-09-08 20:44:07.8418 INFO 'img3.dvd:' bf9ad1425ca5c243f34b5a2933ef9a6a => bf9ad1425ca5c243f34b5a2933ef9a6a
2020-09-08 20:44:08.2679 INFO 'img0.hdrip:' fcac7a7aebeb485c79e60b1ef9b86669 => fcac7a7aebeb485c79e60b1ef9b86669
2020-09-08 20:44:08.6068 INFO 'img1.avi:' ad90bc5f1526016c9b7fd05ebe85c6db => ad90bc5f1526016c9b7fd05ebe85c6db
2020-09-08 20:44:08.9969 INFO 'img0.mpeg:' c6ebee7da5872ba7e225a03f0700367d => c6ebee7da5872ba7e225a03f0700367d
2020-09-08 20:44:09.5620 INFO 'img1.avi:' 168f1beb6ff00e006c9c18d50b1c062d => 168f1beb6ff00e006c9c18d50b1c062d
2020-09-08 20:44:09.7996 INFO 'img2.hdrip:' e177ce99a9532ef6d6fd7429f8f27a65 => e177ce99a9532ef6d6fd7429f8f27a65
2020-09-08 20:44:10.1698 INFO 'img3.flv:' fa398638531109ef94f006768d398bc2 => fa398638531109ef94f006768d398bc2
2020-09-08 20:44:10.6343 INFO 'img0.mov:' 64fed4e9efef1503254ee7ece71432e0 => 64fed4e9efef1503254ee7ece71432e0
2020-09-08 20:44:10.8857 INFO 'img1.dv:' b9cfa22d24cd7fd5b976471315b9873b => b9cfa22d24cd7fd5b976471315b9873b
2020-09-08 20:44:11.2967 INFO 'img2.flv:' 4c2bc56a1485beaec0e45731a7a3fcc7 => 4c2bc56a1485beaec0e45731a7a3fcc7
2020-09-08 20:44:11.6237 INFO 'img3.dvdrip:' 1fe958538167503470818e4e7ff51707 => 1fe958538167503470818e4e7ff51707
2020-09-08 20:44:11.9191 INFO 'img0.avi:' 0406116aea497a0d2898d0d7286d5353 => 0406116aea497a0d2898d0d7286d5353
2020-09-08 20:44:12.2186 INFO 'img1.bdrip:' 5ea748a49857907f632f85fe6ca3032f => 5ea748a49857907f632f85fe6ca3032f
2020-09-08 20:44:12.4585 INFO 'img2.dvdrip:' ec977ff45f4855b2bf0e0aa2e3c65a51 => ec977ff45f4855b2bf0e0aa2e3c65a51
2020-09-08 20:44:12.9829 INFO 'img0.flv:' 2da352b409bd551f54fe86d686ac901c => 2da352b409bd551f54fe86d686ac901c
2020-09-08 20:44:13.5189 INFO 'img1.dvdrip:' b99ca96271be02321324e522aba3e4c5 => b99ca96271be02321324e522aba3e4c5
2020-09-08 20:44:13.7788 INFO 'img0.dvdrip:' 41bb9357a809a545c55c697dd140aafc => 41bb9357a809a545c55c697dd140aafc
2020-09-08 20:44:14.0395 INFO 'img1.flv:' 919cda14f7cafdf37fe3c34598df278f => 919cda14f7cafdf37fe3c34598df278f
2020-09-08 20:44:14.5105 INFO 'img2.mpeg:' 531ff98496c646fcc25a07dd81796222 => 531ff98496c646fcc25a07dd81796222
2020-09-08 20:44:14.7445 INFO 'img0.mp3:' ef1c8fe61a94305fd30a15affb21ccc0 => ef1c8fe61a94305fd30a15affb21ccc0
2020-09-08 20:44:15.0702 INFO 'img1.ogg:' 7bea581b42f624beff68a90068f385ca => 7bea581b42f624beff68a90068f385ca
2020-09-08 20:44:15.6289 INFO 'img2.ogg:' cfc54b0ccd2847d5aedceb759871f4d4 => cfc54b0ccd2847d5aedceb759871f4d4
2020-09-08 20:44:15.9445 INFO 'img0.wav:' 54296b0a7ffc2da04c7f2f7a9336443f => 54296b0a7ffc2da04c7f2f7a9336443f
2020-09-08 20:44:16.5445 INFO 'img1.ogg:' 8e12d60d8b249f31a82267fc9a1e773b => 8e12d60d8b249f31a82267fc9a1e773b
2020-09-08 20:44:16.9613 INFO 'img0.flac:' b15a7a9c20d2ab1c63a811d7b0ad07be => b15a7a9c20d2ab1c63a811d7b0ad07be
2020-09-08 20:44:17.1740 INFO 'img1.alac:' d1ea3e27ce393fc9aa7610dafedd7480 => d1ea3e27ce393fc9aa7610dafedd7480
2020-09-08 20:44:17.5040 INFO 'img0.aiff:' 287727ca678b3b79c93e61c3cac45e5b => 287727ca678b3b79c93e61c3cac45e5b
2020-09-08 20:44:18.1189 INFO 'img1.flac:' da18eea4faa59a39ee4483d6b5fab566 => da18eea4faa59a39ee4483d6b5fab566
2020-09-08 20:44:18.8210 INFO 'img2.wav:' e005674fabcf2261fcf39df9602d50eb => e005674fabcf2261fcf39df9602d50eb
2020-09-08 20:44:19.1676 INFO 'img3.alac:' 6f817ce8bade098263e217d00a83cdf3 => 6f817ce8bade098263e217d00a83cdf3
2020-09-08 20:44:19.5496 INFO 'img0.aiff:' 75fcc8c7e8babb2d28ea2e225a9b032c => 75fcc8c7e8babb2d28ea2e225a9b032c
2020-09-08 20:44:19.8090 INFO 'img0.ogg:' ff91a2bc9f2a1ea3f4bda299fe1f5340 => ff91a2bc9f2a1ea3f4bda299fe1f5340
2020-09-08 20:44:20.4051 INFO 'img1.flac:' 764c7957915a60113dcfc8f3673c95dd => 764c7957915a60113dcfc8f3673c95dd
2020-09-08 20:44:20.8241 INFO 'img2.mp3:' 6be7e63943691a2d1551ec219e0e6cc9 => 6be7e63943691a2d1551ec219e0e6cc9
2020-09-08 20:44:21.0821 INFO 'img0.wav:' f22f0e6ec344e87442841bb4d3ac59a8 => f22f0e6ec344e87442841bb4d3ac59a8
2020-09-08 20:44:21.4415 INFO 'img1.alac:' 5014b897c1c216ca850d9206672c7293 => 5014b897c1c216ca850d9206672c7293
2020-09-08 20:44:21.7953 INFO 'img2.flac:' c1b0797f430035662d2372fd441143d4 => c1b0797f430035662d2372fd441143d4
2020-09-08 20:44:22.0727 INFO 'img3.alac:' becceea8e98268a69fcb097e01e28fa8 => becceea8e98268a69fcb097e01e28fa8
2020-09-08 20:44:22.4562 INFO 'img0.wav:' f4a6b5490fb1589c174aeb908141d18a => f4a6b5490fb1589c174aeb908141d18a
2020-09-08 20:44:22.8152 INFO 'img0.aiff:' 0d708f56ecf5806be3a6aff47aec373d => 0d708f56ecf5806be3a6aff47aec373d
2020-09-08 20:44:23.1551 INFO 'img1.mp3:' 40adc470b4bdabab9f106eded814b3c6 => 40adc470b4bdabab9f106eded814b3c6
2020-09-08 20:44:23.6258 INFO 'img2.flac:' 48e4f63ddbfe90e6c6b2996a656b55ba => 48e4f63ddbfe90e6c6b2996a656b55ba
2020-09-08 20:44:24.0133 INFO 'img3.alac:' 092ab454a55346fd757351b15572236e => 092ab454a55346fd757351b15572236e
2020-09-08 20:44:24.4658 INFO 'img0.aac:' 35b2b36243ee6009e7b709aac2e5bb7c => 35b2b36243ee6009e7b709aac2e5bb7c
2020-09-08 20:44:24.7168 INFO 'img0.aiff:' b057df2227d0fcbb15db0fd9b165012b => b057df2227d0fcbb15db0fd9b165012b
2020-09-08 20:44:25.1011 INFO 'img1.ogg:' de2453baa3bd2cbd978866150491e0bf => de2453baa3bd2cbd978866150491e0bf
2020-09-08 20:44:25.4630 INFO 'img0.wma:' c5a2ad4f33ef14e349710d572743d92b => c5a2ad4f33ef14e349710d572743d92b
2020-09-08 20:44:25.6947 INFO 'img1.wma:' 1a6100926cd33bf531a5c1d149e5bd61 => 1a6100926cd33bf531a5c1d149e5bd61
2020-09-08 20:44:26.1822 INFO 'img0.wav:' 2ec45ceb119da3046d728daf6911c79c => 2ec45ceb119da3046d728daf6911c79c
2020-09-08 20:44:26.5482 INFO 'img0.tiff:' 519cd420e8650b533a4cc4fe4168d705 => 519cd420e8650b533a4cc4fe4168d705
2020-09-08 20:44:27.0738 INFO 'img1.psd:' 65ef70e6a85d41e00574cdb205284bb1 => 65ef70e6a85d41e00574cdb205284bb1
2020-09-08 20:44:27.5543 INFO 'img2.gif:' 8460f265523e40d9c36ff4071592fd70 => 8460f265523e40d9c36ff4071592fd70
2020-09-08 20:44:27.8358 INFO 'img0.bmp:' 4dcaf0c09174be6254e5537b39e0f435 => 4dcaf0c09174be6254e5537b39e0f435
2020-09-08 20:44:28.1271 INFO 'img1.gif:' f23188c6fba99155cecaa59c3a5ed264 => f23188c6fba99155cecaa59c3a5ed264
2020-09-08 20:44:28.6099 INFO 'img2.tiff:' 895584e33fb0a45ebb815e836f3f2151 => 895584e33fb0a45ebb815e836f3f2151
2020-09-08 20:44:29.1059 INFO 'img3.psd:' 493ab4142ca72b09f22899d46d140fba => 493ab4142ca72b09f22899d46d140fba
2020-09-08 20:44:29.4404 INFO 'img2.psd:' cffb2912d4984ed4a98782935434490a => cffb2912d4984ed4a98782935434490a
2020-09-08 20:44:30.1893 INFO 'img0.psd:' 301559f53bfb1b1cb7c4b15d6b69fcae => 301559f53bfb1b1cb7c4b15d6b69fcae
2020-09-08 20:44:30.4699 INFO 'img1.jpeg:' 025a0b63a21340601ebeb69de5fe9c85 => 025a0b63a21340601ebeb69de5fe9c85
2020-09-08 20:44:30.8853 INFO 'img2.raw:' 5d6d09721291c2803e7dabed660da4c3 => 5d6d09721291c2803e7dabed660da4c3
2020-09-08 20:44:31.4254 INFO 'img0.bmp:' 68e4cea0932495998823475670c4d70d => 68e4cea0932495998823475670c4d70d
2020-09-08 20:44:31.8079 INFO 'img0.png:' 98d26b2fe9d79d73743fe86a82a0da20 => 98d26b2fe9d79d73743fe86a82a0da20
2020-09-08 20:44:32.2870 INFO 'img1.raw:' 90acdc94b798378bfcf26d8bd195c43e => 90acdc94b798378bfcf26d8bd195c43e
2020-09-08 20:44:32.7443 INFO 'img2.jpeg:' 7e07672f51323c30f9552b4db7aebaf3 => 7e07672f51323c30f9552b4db7aebaf3
2020-09-08 20:44:33.1516 INFO 'img0.png:' a93b44e5ebde341958d047d55af87a14 => a93b44e5ebde341958d047d55af87a14
2020-09-08 20:44:33.3842 INFO 'img0.tiff:' dbbb1d155c7ae9a74d0595e0f335b056 => dbbb1d155c7ae9a74d0595e0f335b056
2020-09-08 20:44:33.8208 INFO 'img0.bmp:' 224ebe8401f4ae12d3df1e3635a70dd6 => 224ebe8401f4ae12d3df1e3635a70dd6
2020-09-08 20:44:34.0392 INFO 'img0.raw:' e32c33f0a8003d5731d591a590b6919a => e32c33f0a8003d5731d591a590b6919a
2020-09-08 20:44:34.5023 INFO 'img0.gif:' 5219fe83687c999060484752413799b0 => 5219fe83687c999060484752413799b0
2020-09-08 20:44:34.7249 INFO 'img1.jpeg:' 532b08f0ff54ace30bdbcffcde31bd37 => 532b08f0ff54ace30bdbcffcde31bd37
2020-09-08 20:44:35.3221 INFO 'img2.gif:' 546015803028a948b5e9c9470c39b260 => 546015803028a948b5e9c9470c39b260
2020-09-08 20:44:35.6134 INFO 'img3.psd:' d264320ef3c9e713a95ee2edd0479096 => d264320ef3c9e713a95ee2edd0479096
2020-09-08 20:44:35.8568 INFO 'img0.png:' 30cc3d5f51038505c15a60b8ef4f5a7c => 30cc3d5f51038505c15a60b8ef4f5a7c
2020-09-08 20:44:36.3822 INFO 'img1.psd:' 4f72e8f621a504253e7a230529f62d1f => 4f72e8f621a504253e7a230529f62d1f
2020-09-08 20:44:36.7184 INFO 'img2.psd:' 19b9000eafeef2915870db3cd9a15fad => 19b9000eafeef2915870db3cd9a15fad
2020-09-08 20:44:37.1625 INFO 'img3.bmp:' 0f5a4316cbf40dcbf49fbd4b76486629 => 0f5a4316cbf40dcbf49fbd4b76486629
2020-09-08 20:44:37.4156 INFO 'img0.gif:' 13666e7bf0c2d46a080b9c6e7ef54723 => 13666e7bf0c2d46a080b9c6e7ef54723
2020-09-08 20:44:37.7279 INFO 'img0.tiff:' af74c2824dc332ad6949b9ce819d8ad4 => af74c2824dc332ad6949b9ce819d8ad4
2020-09-08 20:44:38.1134 INFO 'img0.jpeg:' 3e78b7378051d5789bfcb8e9290ecf43 => 3e78b7378051d5789bfcb8e9290ecf43
2020-09-08 20:44:38.6406 INFO 'img0.bmp:' ce91d76f326e5cbe3ba52797ab09ca7e => ce91d76f326e5cbe3ba52797ab09ca7e
2020-09-08 20:44:38.8685 INFO 'img0.gif:' 86bfd4c50ef5eb2b1194890b4b6c0692 => 86bfd4c50ef5eb2b1194890b4b6c0692
2020-09-08 20:44:39.1979 INFO 'img1.gif:' 670f79c020da3e9f02d4978ff82e195a => 670f79c020da3e9f02d4978ff82e195a
2020-09-08 20:44:39.4702 INFO 'img2.jpeg:' dcb5316dc416ab7f51d94c2380520f91 => dcb5316dc416ab7f51d94c2380520f91
2020-09-08 20:44:39.8055 INFO 'img3.png:' ff770a8a441b1a7595c953dcc82175e5 => ff770a8a441b1a7595c953dcc82175e5
2020-09-08 20:44:40.4477 INFO 'img0.psd:' 6d96cf4e36f55e70f16974117e997b2c => 6d96cf4e36f55e70f16974117e997b2c
2020-09-08 20:44:41.1173 INFO 'img1.tiff:' 1dbad9c8dffa462e96cc642e1cf71ce2 => 1dbad9c8dffa462e96cc642e1cf71ce2
2020-09-08 20:44:41.4802 INFO 'img0.jpeg:' 4fcf2b6869116317a38e8ee88ffb28fd => 4fcf2b6869116317a38e8ee88ffb28fd
2020-09-08 20:44:41.8168 INFO 'img1.raw:' 99b6ca1a361d822d86853179940e32ea => 99b6ca1a361d822d86853179940e32ea
2020-09-08 20:44:42.1172 INFO 'img0.raw:' 059d54c93a2b2c010a678c3c9ee582f4 => 059d54c93a2b2c010a678c3c9ee582f4
2020-09-08 20:44:42.6265 INFO 'img1.jpeg:' 3734d41b6472e3b71fa638fa8e80fdcd => 3734d41b6472e3b71fa638fa8e80fdcd
2020-09-08 20:44:42.9094 INFO 'img0.png:' ae1e3c9cffdcb0a6d94ed99f377477e3 => ae1e3c9cffdcb0a6d94ed99f377477e3
2020-09-08 20:44:43.3276 INFO 'img1.bmp:' 10becfa8c4dd698f75738721f899b545 => 10becfa8c4dd698f75738721f899b545
2020-09-08 20:44:43.8294 INFO 'img2.psd:' 126f8d58b883a40f9fb1d567cd9fae38 => 126f8d58b883a40f9fb1d567cd9fae38
2020-09-08 20:44:44.2445 INFO 'img0.psd:' c35a16d6eaefb6099009754e1f4b971e => c35a16d6eaefb6099009754e1f4b971e
2020-09-08 20:44:44.4254 INFO 'img1.gif:' 2d2ee01f3799c4e036f1e1ca7e20c2cf => 2d2ee01f3799c4e036f1e1ca7e20c2cf
2020-09-08 20:44:45.0142 INFO 'img2.jpeg:' 138f5de080e41653d5fd941aad2192c7 => 138f5de080e41653d5fd941aad2192c7
2020-09-08 20:44:45.3911 INFO 'img0.jpeg:' 2d1819dd746ddf14c06e71a41bc8d999 => 2d1819dd746ddf14c06e71a41bc8d999
2020-09-08 20:44:45.8248 INFO 'img1.png:' 9cfe219e57d4897a774b92b5b611e06a => 9cfe219e57d4897a774b92b5b611e06a
2020-09-08 20:44:46.2122 INFO 'img2.png:' 6ab9d9e3fbb10c0c894a75716fab324c => 6ab9d9e3fbb10c0c894a75716fab324c
2020-09-08 20:44:46.5058 INFO 'img0.psd:' 10a7d5b5fea9a66c332587cf84c0e168 => 10a7d5b5fea9a66c332587cf84c0e168
2020-09-08 20:44:46.7105 INFO 'img0.bmp:' d449970cc7a31a608a8740fe61dccb45 => d449970cc7a31a608a8740fe61dccb45
2020-09-08 20:44:47.0097 INFO 'img1.raw:' 219926ae9bf3856adc371e8a60bda0d3 => 219926ae9bf3856adc371e8a60bda0d3
2020-09-08 20:44:47.4571 INFO 'img2.psd:' d14d54a70dd1f2eaa822f8c0a95a8fea => d14d54a70dd1f2eaa822f8c0a95a8fea
2020-09-08 20:44:47.8661 INFO 'img3.tiff:' d95f9cc61f895bd316d91bd070bfa205 => d95f9cc61f895bd316d91bd070bfa205
2020-09-08 20:44:48.1940 INFO 'img0.gif:' 274ebee3dd98584d09a91e50031a527e => 274ebee3dd98584d09a91e50031a527e
2020-09-08 20:44:48.4493 INFO 'img1.raw:' 2936e534dab12c0ba12f565091f9c893 => 2936e534dab12c0ba12f565091f9c893
2020-09-08 20:44:48.7747 INFO 'img2.bmp:' f858fc5c722b0654e716961634e7a87c => f858fc5c722b0654e716961634e7a87c
2020-09-08 20:44:49.3571 INFO 'img3.bmp:' 2620c83d3cddaa8a3ad0139e0d312392 => 2620c83d3cddaa8a3ad0139e0d312392
2020-09-08 20:44:49.9294 INFO 'img0.jpeg:' 6879012f2c28ae6f5e29633376764332 => 6879012f2c28ae6f5e29633376764332
2020-09-08 20:44:50.3020 INFO 'img1.tiff:' f46ca975eacb9df0148293a14f4f8476 => f46ca975eacb9df0148293a14f4f8476
2020-09-08 20:44:50.6410 INFO 'img2.bmp:' fa1cfbd19f78e3feb64ce231e9a741a2 => fa1cfbd19f78e3feb64ce231e9a741a2
2020-09-08 20:44:51.0310 INFO 'img0.jpeg:' e030163b06ae14de2a53040db2656bca => e030163b06ae14de2a53040db2656bca
2020-09-08 20:44:51.3568 INFO 'img0.png:' ad88a77dc3be9f1b56f51c8445694755 => ad88a77dc3be9f1b56f51c8445694755
2020-09-08 20:44:51.5955 INFO 'img0.raw:' 016d2325a307532a75b593a80f055d96 => 016d2325a307532a75b593a80f055d96
2020-09-08 20:44:52.0452 INFO 'img0.gif:' 4f078f3f4616422e04ffb0ba0315bf50 => 4f078f3f4616422e04ffb0ba0315bf50
2020-09-08 20:44:52.3189 INFO 'img1.raw:' c1892d8b2b0135a0b8c4485726785bb1 => c1892d8b2b0135a0b8c4485726785bb1
2020-09-08 20:44:52.5490 INFO 'img2.png:' af335361209ffcd20a7ff5a8429ff251 => af335361209ffcd20a7ff5a8429ff251
2020-09-08 20:44:52.9073 INFO 'img0.bmp:' ecfc95360ca2e90230f65695288f8f36 => ecfc95360ca2e90230f65695288f8f36
2020-09-08 20:44:53.0638 INFO 'img1.gif:' 70bdb642761127b58c8cfa32929b246a => 70bdb642761127b58c8cfa32929b246a
2020-09-08 20:44:53.3074 INFO 'img2.png:' d45cbeeaf3e04e8e6ff83aadc7d8e291 => d45cbeeaf3e04e8e6ff83aadc7d8e291
2020-09-08 20:44:53.6641 INFO 'img0.gif:' 1a931e20c763b24dc62f29c4ed886b16 => 1a931e20c763b24dc62f29c4ed886b16
2020-09-08 20:44:53.8338 INFO 'img1.png:' 73edf8b7b9938d3d0791d2e09f39f511 => 73edf8b7b9938d3d0791d2e09f39f511
2020-09-08 20:44:54.3181 INFO 'img2.raw:' f9edf704f2c493b79ca695c829bd1c51 => f9edf704f2c493b79ca695c829bd1c51
2020-09-08 20:44:54.6860 INFO 'img0.png:' 14617531fd4246edeac27d098f9b3690 => 14617531fd4246edeac27d098f9b3690
2020-09-08 20:44:55.0949 INFO 'img0.bmp:' 6e07b2e123a279b9b3c83da6192045bf => 6e07b2e123a279b9b3c83da6192045bf
2020-09-08 20:44:55.4172 INFO 'img1.raw:' ae6b2377ddab67cf45a3a179993eefbd => ae6b2377ddab67cf45a3a179993eefbd
2020-09-08 20:44:55.7116 INFO 'img2.psd:' d7f3ed8188f2eaddbe29604dabbb235e => d7f3ed8188f2eaddbe29604dabbb235e
2020-09-08 20:44:55.9976 INFO 'img0.bmp:' 5036eab8ccc951a24ba886ef6ab2d735 => 5036eab8ccc951a24ba886ef6ab2d735
2020-09-08 20:44:56.3065 INFO 'img0.gif:' 7528e8786a7756b6950ee8a3009afb67 => 7528e8786a7756b6950ee8a3009afb67
2020-09-08 20:44:56.6601 INFO 'img1.gif:' 1a23b7225d7347ba476735f90315fec3 => 1a23b7225d7347ba476735f90315fec3
2020-09-08 20:44:57.0275 INFO 'img1.png:' eea4d559873f71f4240f54aad5e20a1c => eea4d559873f71f4240f54aad5e20a1c
2020-09-08 20:44:57.2992 INFO 'img2.gif:' 971b324c69a3e1503753d46c1ed5a55f => 971b324c69a3e1503753d46c1ed5a55f
2020-09-08 20:44:57.6214 INFO 'img0.png:' 533374d459365fd25d66b23d2e072de6 => 533374d459365fd25d66b23d2e072de6
2020-09-08 20:44:57.9321 INFO 'img1.bmp:' 91ce3c36fddcb713e4ff607cc5369bdf => 91ce3c36fddcb713e4ff607cc5369bdf
2020-09-08 20:44:58.3279 INFO 'img2.raw:' e554fadeba3d74aab911096e8e152859 => e554fadeba3d74aab911096e8e152859
2020-09-08 20:44:58.4884 INFO 'img0.gif:' 95b81d7b56b9afef2573e7ed0a39383d => 95b81d7b56b9afef2573e7ed0a39383d
2020-09-08 20:44:58.7380 INFO 'img1.png:' 907d46b1258fddae6cb67384f6d96da1 => 907d46b1258fddae6cb67384f6d96da1
2020-09-08 20:44:59.0988 INFO 'img0.raw:' d636c6059df122a6b41992c93ed4c39c => d636c6059df122a6b41992c93ed4c39c
2020-09-08 20:44:59.3042 INFO 'img1.raw:' 732c9a529b0487f4f6d6a5c67a745b59 => 732c9a529b0487f4f6d6a5c67a745b59
2020-09-08 20:44:59.6680 INFO 'img2.tiff:' 9c884cfe0870262cdd2177ab34ba406e => 9c884cfe0870262cdd2177ab34ba406e
2020-09-08 20:44:59.9187 INFO 'img0.gif:' b90d26b2e5f68554df9312735ad64465 => b90d26b2e5f68554df9312735ad64465
2020-09-08 20:45:00.1556 INFO 'img1.png:' a63c09f7db572db96475c668b65dfe7b => a63c09f7db572db96475c668b65dfe7b
2020-09-08 20:45:00.5825 INFO 'img2.gif:' 2d57b7360af40c4b90aae85d1f748694 => 2d57b7360af40c4b90aae85d1f748694
2020-09-08 20:45:00.8011 INFO 'img3.psd:' e7abcf2c3810781747bcc266828664f8 => e7abcf2c3810781747bcc266828664f8
